[2025-02-03 00:23:56,275][flwr][INFO] - Starting Flower simulation, config: ServerConfig(num_rounds=2, round_timeout=None)
[2025-02-03 00:24:00,395][flwr][INFO] - Flower VCE: Ray initialized with resources: {'node:127.0.0.1': 1.0, 'memory': 2686029006.0, 'object_store_memory': 1343014502.0, 'GPU': 1.0, 'CPU': 8.0}
[2025-02-03 00:24:00,395][flwr][INFO] - Initializing global parameters
[2025-02-03 00:24:00,395][flwr][INFO] - Requesting initial parameters from one random client
[2025-02-03 00:24:01,770][flwr][INFO] - Received initial parameters from one random client
[2025-02-03 00:24:01,770][flwr][INFO] - Evaluating initial parameters
[2025-02-03 00:24:03,005][flwr][INFO] - initial parameters (loss, other metrics): 650.7262336015701, {'accuracy': 64.01548333333334}
[2025-02-03 00:24:03,006][flwr][INFO] - FL starting
[2025-02-03 00:24:03,006][flwr][DEBUG] - fit_round 1: strategy sampled 10 clients (out of 10)
[2025-02-03 00:24:51,474][flwr][DEBUG] - fit_round 1 received 10 results and 0 failures
[2025-02-03 00:24:51,486][flwr][WARNING] - No fit_metrics_aggregation_fn provided
[2025-02-03 00:24:52,586][flwr][INFO] - fit progress: (1, 650.2162529826164, {'accuracy': 63.98028333333333}, 49.57957880000001)
[2025-02-03 00:24:52,586][flwr][DEBUG] - evaluate_round 1: strategy sampled 10 clients (out of 10)
[2025-02-03 00:25:08,042][flwr][DEBUG] - evaluate_round 1 received 10 results and 0 failures
[2025-02-03 00:25:08,043][flwr][WARNING] - No evaluate_metrics_aggregation_fn provided
[2025-02-03 00:25:08,043][flwr][DEBUG] - fit_round 2: strategy sampled 10 clients (out of 10)
[2025-02-03 00:26:00,183][flwr][DEBUG] - fit_round 2 received 10 results and 0 failures
[2025-02-03 00:26:01,349][flwr][INFO] - fit progress: (2, 650.1676769852638, {'accuracy': 64.02295}, 118.34262109999999)
[2025-02-03 00:26:01,350][flwr][DEBUG] - evaluate_round 2: strategy sampled 10 clients (out of 10)
[2025-02-03 00:26:20,101][flwr][DEBUG] - evaluate_round 2 received 10 results and 0 failures
[2025-02-03 00:26:20,101][flwr][INFO] - FL finished in 137.09478339999998
[2025-02-03 00:26:20,102][flwr][INFO] - app_fit: losses_distributed [(1, 83.19415230751038), (2, 83.18891396522523)]
[2025-02-03 00:26:20,102][flwr][INFO] - app_fit: metrics_distributed_fit {}
[2025-02-03 00:26:20,102][flwr][INFO] - app_fit: metrics_distributed {}
[2025-02-03 00:26:20,102][flwr][INFO] - app_fit: losses_centralized [(0, 650.7262336015701), (1, 650.2162529826164), (2, 650.1676769852638)]
[2025-02-03 00:26:20,103][flwr][INFO] - app_fit: metrics_centralized {'accuracy': [(0, 64.01548333333334), (1, 63.98028333333333), (2, 64.02295)]}
