[2025-06-20 14:32:05,888][flwr][INFO] - Starting Flower simulation, config: ServerConfig(num_rounds=1, round_timeout=None)
[2025-06-20 14:32:12,930][flwr][INFO] - Flower VCE: Ray initialized with resources: {'node:127.0.0.1': 1.0, 'memory': 4046605518.0, 'CPU': 8.0, 'GPU': 1.0, 'object_store_memory': 2023302758.0}
[2025-06-20 14:32:12,931][flwr][INFO] - Initializing global parameters
[2025-06-20 14:32:12,931][flwr][INFO] - Requesting initial parameters from one random client
[2025-06-20 14:32:18,129][flwr][INFO] - Received initial parameters from one random client
[2025-06-20 14:32:18,130][flwr][INFO] - Evaluating initial parameters
[2025-06-20 14:32:18,960][flwr][INFO] - initial parameters (loss, other metrics): 6.247142732143402, {'accuracy': 0.5073260073260073, 'precision': 0.5089285714285714, 'recall': 0.4175824175824176, 'f1_score': 0.4587525150905432}
[2025-06-20 14:32:18,962][flwr][INFO] - FL starting
[2025-06-20 14:32:18,964][flwr][DEBUG] - fit_round 1: strategy sampled 10 clients (out of 10)
[2025-06-20 14:41:15,182][flwr][DEBUG] - fit_round 1 received 10 results and 0 failures
[2025-06-20 14:41:15,219][flwr][WARNING] - No fit_metrics_aggregation_fn provided
[2025-06-20 14:41:15,750][flwr][INFO] - fit progress: (1, 4.178770750761032, {'accuracy': 0.8168498168498168, 'precision': 0.9004629629629629, 'recall': 0.7124542124542125, 'f1_score': 0.7955010224948875}, 536.7870995)
[2025-06-20 14:41:15,751][flwr][DEBUG] - evaluate_round 1: strategy sampled 10 clients (out of 10)
[2025-06-20 14:41:44,322][flwr][DEBUG] - evaluate_round 1 received 10 results and 0 failures
[2025-06-20 14:41:44,323][flwr][WARNING] - No evaluate_metrics_aggregation_fn provided
[2025-06-20 14:41:44,323][flwr][INFO] - FL finished in 565.3600279
[2025-06-20 14:41:44,324][flwr][INFO] - app_fit: losses_distributed [(1, 1.2976701146557823)]
[2025-06-20 14:41:44,325][flwr][INFO] - app_fit: metrics_distributed_fit {}
[2025-06-20 14:41:44,326][flwr][INFO] - app_fit: metrics_distributed {}
[2025-06-20 14:41:44,326][flwr][INFO] - app_fit: losses_centralized [(0, 6.247142732143402), (1, 4.178770750761032)]
[2025-06-20 14:41:44,327][flwr][INFO] - app_fit: metrics_centralized {'accuracy': [(0, 0.5073260073260073), (1, 0.8168498168498168)], 'precision': [(0, 0.5089285714285714), (1, 0.9004629629629629)], 'recall': [(0, 0.4175824175824176), (1, 0.7124542124542125)], 'f1_score': [(0, 0.4587525150905432), (1, 0.7955010224948875)]}
