[2025-01-31 10:21:25,098][flwr][INFO] - Starting Flower simulation, config: ServerConfig(num_rounds=4, round_timeout=None)
[2025-01-31 10:21:30,312][flwr][INFO] - Flower VCE: Ray initialized with resources: {'CPU': 8.0, 'GPU': 1.0, 'node:127.0.0.1': 1.0, 'object_store_memory': 1409617920.0, 'memory': 2819235840.0}
[2025-01-31 10:21:30,314][flwr][INFO] - Initializing global parameters
[2025-01-31 10:21:30,315][flwr][INFO] - Requesting initial parameters from one random client
[2025-01-31 10:21:32,021][flwr][INFO] - Received initial parameters from one random client
[2025-01-31 10:21:32,022][flwr][INFO] - Evaluating initial parameters
[2025-01-31 10:21:33,525][flwr][INFO] - initial parameters (loss, other metrics): 650.4258531928062, {'accuracy': 63.98663333333333}
[2025-01-31 10:21:33,537][flwr][INFO] - FL starting
[2025-01-31 10:21:33,538][flwr][DEBUG] - fit_round 1: strategy sampled 10 clients (out of 10)
[2025-01-31 10:22:54,397][flwr][DEBUG] - fit_round 1 received 10 results and 0 failures
[2025-01-31 10:22:54,411][flwr][WARNING] - No fit_metrics_aggregation_fn provided
[2025-01-31 10:22:55,822][flwr][INFO] - fit progress: (1, 650.14480727911, {'accuracy': 63.971666666666664}, 82.2847134)
[2025-01-31 10:22:55,823][flwr][DEBUG] - evaluate_round 1: strategy sampled 10 clients (out of 10)
[2025-01-31 10:23:12,674][flwr][DEBUG] - evaluate_round 1 received 10 results and 0 failures
[2025-01-31 10:23:12,675][flwr][WARNING] - No evaluate_metrics_aggregation_fn provided
[2025-01-31 10:23:12,676][flwr][DEBUG] - fit_round 2: strategy sampled 10 clients (out of 10)
[2025-01-31 10:24:38,014][flwr][DEBUG] - fit_round 2 received 10 results and 0 failures
[2025-01-31 10:24:39,721][flwr][INFO] - fit progress: (2, 650.1254622936249, {'accuracy': 63.98535}, 186.1835783)
[2025-01-31 10:24:39,722][flwr][DEBUG] - evaluate_round 2: strategy sampled 10 clients (out of 10)
[2025-01-31 10:25:02,146][flwr][DEBUG] - evaluate_round 2 received 10 results and 0 failures
[2025-01-31 10:25:02,151][flwr][DEBUG] - fit_round 3: strategy sampled 10 clients (out of 10)
[2025-01-31 10:26:22,573][flwr][DEBUG] - fit_round 3 received 10 results and 0 failures
[2025-01-31 10:26:24,272][flwr][INFO] - fit progress: (3, 650.1178669929504, {'accuracy': 63.971666666666664}, 290.7343701)
[2025-01-31 10:26:24,273][flwr][DEBUG] - evaluate_round 3: strategy sampled 10 clients (out of 10)
[2025-01-31 10:26:45,655][flwr][DEBUG] - evaluate_round 3 received 10 results and 0 failures
[2025-01-31 10:26:45,656][flwr][DEBUG] - fit_round 4: strategy sampled 10 clients (out of 10)
[2025-01-31 10:28:10,000][flwr][DEBUG] - fit_round 4 received 10 results and 0 failures
[2025-01-31 10:28:11,444][flwr][INFO] - fit progress: (4, 650.1752327084541, {'accuracy': 63.90136666666667}, 397.907223)
[2025-01-31 10:28:11,445][flwr][DEBUG] - evaluate_round 4: strategy sampled 10 clients (out of 10)
[2025-01-31 10:28:27,856][flwr][DEBUG] - evaluate_round 4 received 10 results and 0 failures
[2025-01-31 10:28:27,857][flwr][INFO] - FL finished in 414.318958
[2025-01-31 10:28:27,858][flwr][INFO] - app_fit: losses_distributed [(1, 83.18174918293953), (2, 83.18315386772156), (3, 83.18236485123634), (4, 83.18272606134414)]
[2025-01-31 10:28:27,858][flwr][INFO] - app_fit: metrics_distributed_fit {}
[2025-01-31 10:28:27,858][flwr][INFO] - app_fit: metrics_distributed {}
[2025-01-31 10:28:27,859][flwr][INFO] - app_fit: losses_centralized [(0, 650.4258531928062), (1, 650.14480727911), (2, 650.1254622936249), (3, 650.1178669929504), (4, 650.1752327084541)]
[2025-01-31 10:28:27,859][flwr][INFO] - app_fit: metrics_centralized {'accuracy': [(0, 63.98663333333333), (1, 63.971666666666664), (2, 63.98535), (3, 63.971666666666664), (4, 63.90136666666667)]}
