[2025-01-31 10:07:00,817][flwr][INFO] - Starting Flower simulation, config: ServerConfig(num_rounds=3, round_timeout=None)
[2025-01-31 10:07:04,895][flwr][INFO] - Flower VCE: Ray initialized with resources: {'CPU': 8.0, 'GPU': 1.0, 'memory': 2792986215.0, 'object_store_memory': 1396493107.0, 'node:127.0.0.1': 1.0}
[2025-01-31 10:07:04,896][flwr][INFO] - Initializing global parameters
[2025-01-31 10:07:04,897][flwr][INFO] - Requesting initial parameters from one random client
[2025-01-31 10:07:06,423][flwr][INFO] - Received initial parameters from one random client
[2025-01-31 10:07:06,424][flwr][INFO] - Evaluating initial parameters
[2025-01-31 10:07:07,892][flwr][INFO] - initial parameters (loss, other metrics): 651.4277018904686, {'accuracy': 64.0288}
[2025-01-31 10:07:07,904][flwr][INFO] - FL starting
[2025-01-31 10:07:07,904][flwr][DEBUG] - fit_round 1: strategy sampled 5 clients (out of 5)
[2025-01-31 10:08:35,933][flwr][DEBUG] - fit_round 1 received 5 results and 0 failures
[2025-01-31 10:08:35,939][flwr][WARNING] - No fit_metrics_aggregation_fn provided
[2025-01-31 10:08:37,254][flwr][INFO] - fit progress: (1, 650.2161897420883, {'accuracy': 64.03626666666666}, 89.34996910000001)
[2025-01-31 10:08:37,255][flwr][DEBUG] - evaluate_round 1: strategy sampled 5 clients (out of 5)
[2025-01-31 10:08:49,269][flwr][DEBUG] - evaluate_round 1 received 5 results and 0 failures
[2025-01-31 10:08:49,270][flwr][WARNING] - No evaluate_metrics_aggregation_fn provided
[2025-01-31 10:08:49,271][flwr][DEBUG] - fit_round 2: strategy sampled 5 clients (out of 5)
[2025-01-31 10:10:22,552][flwr][DEBUG] - fit_round 2 received 5 results and 0 failures
[2025-01-31 10:10:24,284][flwr][INFO] - fit progress: (2, 650.1475014686584, {'accuracy': 63.995266666666666}, 196.3804144)
[2025-01-31 10:10:24,285][flwr][DEBUG] - evaluate_round 2: strategy sampled 5 clients (out of 5)
[2025-01-31 10:10:38,914][flwr][DEBUG] - evaluate_round 2 received 5 results and 0 failures
[2025-01-31 10:10:38,915][flwr][DEBUG] - fit_round 3: strategy sampled 5 clients (out of 5)
[2025-01-31 10:12:18,301][flwr][DEBUG] - fit_round 3 received 5 results and 0 failures
[2025-01-31 10:12:20,155][flwr][INFO] - fit progress: (3, 650.1325135827065, {'accuracy': 63.995266666666666}, 312.2509857)
[2025-01-31 10:12:20,156][flwr][DEBUG] - evaluate_round 3: strategy sampled 5 clients (out of 5)
[2025-01-31 10:12:36,035][flwr][DEBUG] - evaluate_round 3 received 5 results and 0 failures
[2025-01-31 10:12:36,036][flwr][INFO] - FL finished in 328.13189900000003
[2025-01-31 10:12:36,058][flwr][INFO] - app_fit: losses_distributed [(1, 166.39016753435135), (2, 166.36875641345978), (3, 166.37220817804337)]
[2025-01-31 10:12:36,059][flwr][INFO] - app_fit: metrics_distributed_fit {}
[2025-01-31 10:12:36,060][flwr][INFO] - app_fit: metrics_distributed {}
[2025-01-31 10:12:36,061][flwr][INFO] - app_fit: losses_centralized [(0, 651.4277018904686), (1, 650.2161897420883), (2, 650.1475014686584), (3, 650.1325135827065)]
[2025-01-31 10:12:36,062][flwr][INFO] - app_fit: metrics_centralized {'accuracy': [(0, 64.0288), (1, 64.03626666666666), (2, 63.995266666666666), (3, 63.995266666666666)]}
