[2025-02-03 01:16:14,213][flwr][INFO] - Starting Flower simulation, config: ServerConfig(num_rounds=2, round_timeout=None)
[2025-02-03 01:16:18,424][flwr][INFO] - Flower VCE: Ray initialized with resources: {'memory': 2671072052.0, 'GPU': 1.0, 'object_store_memory': 1335536025.0, 'node:127.0.0.1': 1.0, 'CPU': 8.0}
[2025-02-03 01:16:18,425][flwr][INFO] - Initializing global parameters
[2025-02-03 01:16:18,427][flwr][INFO] - Requesting initial parameters from one random client
[2025-02-03 01:16:19,781][flwr][INFO] - Received initial parameters from one random client
[2025-02-03 01:16:19,783][flwr][INFO] - Evaluating initial parameters
[2025-02-03 01:16:21,055][flwr][INFO] - initial parameters (loss, other metrics): 650.8117528557777, {'accuracy': 63.9475}
[2025-02-03 01:16:21,065][flwr][INFO] - FL starting
[2025-02-03 01:16:21,066][flwr][DEBUG] - fit_round 1: strategy sampled 10 clients (out of 10)
[2025-02-03 01:17:10,348][flwr][DEBUG] - fit_round 1 received 10 results and 0 failures
[2025-02-03 01:17:10,362][flwr][WARNING] - No fit_metrics_aggregation_fn provided
[2025-02-03 01:17:11,635][flwr][INFO] - fit progress: (1, 650.2603405117989, {'accuracy': 64.0001}, 50.5689907)
[2025-02-03 01:17:11,636][flwr][DEBUG] - evaluate_round 1: strategy sampled 10 clients (out of 10)
[2025-02-03 01:17:27,642][flwr][DEBUG] - evaluate_round 1 received 10 results and 0 failures
[2025-02-03 01:17:27,643][flwr][WARNING] - No evaluate_metrics_aggregation_fn provided
[2025-02-03 01:17:27,644][flwr][DEBUG] - fit_round 2: strategy sampled 10 clients (out of 10)
[2025-02-03 01:18:24,039][flwr][DEBUG] - fit_round 2 received 10 results and 0 failures
[2025-02-03 01:18:25,558][flwr][INFO] - fit progress: (2, 650.2122170329094, {'accuracy': 63.94655}, 124.491887)
[2025-02-03 01:18:25,559][flwr][DEBUG] - evaluate_round 2: strategy sampled 10 clients (out of 10)
[2025-02-03 01:18:45,128][flwr][DEBUG] - evaluate_round 2 received 10 results and 0 failures
[2025-02-03 01:18:45,130][flwr][INFO] - FL finished in 144.06351389999998
[2025-02-03 01:18:45,131][flwr][INFO] - app_fit: losses_distributed [(1, 83.19610031247139), (2, 83.17952511310577)]
[2025-02-03 01:18:45,131][flwr][INFO] - app_fit: metrics_distributed_fit {}
[2025-02-03 01:18:45,132][flwr][INFO] - app_fit: metrics_distributed {}
[2025-02-03 01:18:45,133][flwr][INFO] - app_fit: losses_centralized [(0, 650.8117528557777), (1, 650.2603405117989), (2, 650.2122170329094)]
[2025-02-03 01:18:45,134][flwr][INFO] - app_fit: metrics_centralized {'accuracy': [(0, 63.9475), (1, 64.0001), (2, 63.94655)]}
