[2025-01-20 14:34:44,097][flwr][INFO] - Starting Flower simulation, config: ServerConfig(num_rounds=1, round_timeout=None)
[2025-01-20 14:34:48,889][flwr][INFO] - Flower VCE: Ray initialized with resources: {'node:127.0.0.1': 1.0, 'GPU': 1.0, 'object_store_memory': 1543888896.0, 'CPU': 8.0, 'memory': 3087777792.0}
[2025-01-20 14:34:48,891][flwr][INFO] - Initializing global parameters
[2025-01-20 14:34:48,892][flwr][INFO] - Requesting initial parameters from one random client
[2025-01-20 14:34:50,812][flwr][INFO] - Received initial parameters from one random client
[2025-01-20 14:34:50,813][flwr][INFO] - Evaluating initial parameters
[2025-01-20 14:34:52,220][flwr][INFO] - initial parameters (loss, other metrics): 650.9775192141533, {'accuracy': 64.01083333333334}
[2025-01-20 14:34:52,220][flwr][INFO] - FL starting
[2025-01-20 14:34:52,221][flwr][DEBUG] - fit_round 1: strategy sampled 10 clients (out of 10)
[2025-01-20 14:35:20,097][flwr][DEBUG] - fit_round 1 received 10 results and 0 failures
[2025-01-20 14:35:20,112][flwr][WARNING] - No fit_metrics_aggregation_fn provided
[2025-01-20 14:35:21,524][flwr][INFO] - fit progress: (1, 650.1571315526962, {'accuracy': 64.06451666666666}, 29.3033508)
[2025-01-20 14:35:21,525][flwr][DEBUG] - evaluate_round 1: strategy sampled 10 clients (out of 10)
[2025-01-20 14:35:39,788][flwr][DEBUG] - evaluate_round 1 received 10 results and 0 failures
[2025-01-20 14:35:39,788][flwr][WARNING] - No evaluate_metrics_aggregation_fn provided
[2025-01-20 14:35:39,789][flwr][INFO] - FL finished in 47.56796750000001
[2025-01-20 14:35:39,789][flwr][INFO] - app_fit: losses_distributed [(1, 83.18186452388764)]
[2025-01-20 14:35:39,790][flwr][INFO] - app_fit: metrics_distributed_fit {}
[2025-01-20 14:35:39,790][flwr][INFO] - app_fit: metrics_distributed {}
[2025-01-20 14:35:39,791][flwr][INFO] - app_fit: losses_centralized [(0, 650.9775192141533), (1, 650.1571315526962)]
[2025-01-20 14:35:39,791][flwr][INFO] - app_fit: metrics_centralized {'accuracy': [(0, 64.01083333333334), (1, 64.06451666666666)]}
