[2025-03-06 13:27:10,355][flwr][INFO] - Starting Flower simulation, config: ServerConfig(num_rounds=2, round_timeout=None)
[2025-03-06 13:27:14,655][flwr][INFO] - Flower VCE: Ray initialized with resources: {'GPU': 1.0, 'node:127.0.0.1': 1.0, 'memory': 2376356660.0, 'CPU': 8.0, 'object_store_memory': 1188178329.0}
[2025-03-06 13:27:14,656][flwr][INFO] - Initializing global parameters
[2025-03-06 13:27:14,656][flwr][INFO] - Requesting initial parameters from one random client
[2025-03-06 13:27:15,990][flwr][INFO] - Received initial parameters from one random client
[2025-03-06 13:27:15,990][flwr][INFO] - Evaluating initial parameters
[2025-03-06 13:27:16,046][flwr][INFO] - initial parameters (loss, other metrics): 27.42067402601242, {'accuracy': 83.9192}
[2025-03-06 13:27:16,047][flwr][INFO] - FL starting
[2025-03-06 13:27:16,047][flwr][DEBUG] - fit_round 1: strategy sampled 10 clients (out of 10)
[2025-03-06 13:27:43,897][flwr][DEBUG] - fit_round 1 received 10 results and 0 failures
[2025-03-06 13:27:43,909][flwr][WARNING] - No fit_metrics_aggregation_fn provided
[2025-03-06 13:27:43,958][flwr][INFO] - fit progress: (1, 24.88562035560608, {'accuracy': 92.96}, 27.9116309)
[2025-03-06 13:27:43,958][flwr][DEBUG] - evaluate_round 1: strategy sampled 10 clients (out of 10)
[2025-03-06 13:27:57,344][flwr][DEBUG] - evaluate_round 1 received 10 results and 0 failures
[2025-03-06 13:27:57,345][flwr][WARNING] - No evaluate_metrics_aggregation_fn provided
[2025-03-06 13:27:57,345][flwr][DEBUG] - fit_round 2: strategy sampled 10 clients (out of 10)
[2025-03-06 13:28:24,492][flwr][DEBUG] - fit_round 2 received 10 results and 0 failures
[2025-03-06 13:28:24,559][flwr][INFO] - fit progress: (2, 23.668245136737823, {'accuracy': 92.96}, 68.5123169)
[2025-03-06 13:28:24,559][flwr][DEBUG] - evaluate_round 2: strategy sampled 10 clients (out of 10)
[2025-03-06 13:28:39,198][flwr][DEBUG] - evaluate_round 2 received 10 results and 0 failures
[2025-03-06 13:28:39,198][flwr][INFO] - FL finished in 83.15186130000001
[2025-03-06 13:28:39,199][flwr][INFO] - app_fit: losses_distributed [(1, 3.0883489847183228), (2, 2.922588920593262)]
[2025-03-06 13:28:39,199][flwr][INFO] - app_fit: metrics_distributed_fit {}
[2025-03-06 13:28:39,199][flwr][INFO] - app_fit: metrics_distributed {}
[2025-03-06 13:28:39,199][flwr][INFO] - app_fit: losses_centralized [(0, 27.42067402601242), (1, 24.88562035560608), (2, 23.668245136737823)]
[2025-03-06 13:28:39,199][flwr][INFO] - app_fit: metrics_centralized {'accuracy': [(0, 83.9192), (1, 92.96), (2, 92.96)]}
