[2025-03-06 13:49:09,932][flwr][INFO] - Starting Flower simulation, config: ServerConfig(num_rounds=2, round_timeout=None)
[2025-03-06 13:49:14,341][flwr][INFO] - Flower VCE: Ray initialized with resources: {'CPU': 8.0, 'node:127.0.0.1': 1.0, 'memory': 2447106048.0, 'GPU': 1.0, 'object_store_memory': 1223553024.0}
[2025-03-06 13:49:14,342][flwr][INFO] - Initializing global parameters
[2025-03-06 13:49:14,342][flwr][INFO] - Requesting initial parameters from one random client
[2025-03-06 13:49:15,706][flwr][INFO] - Received initial parameters from one random client
[2025-03-06 13:49:15,706][flwr][INFO] - Evaluating initial parameters
[2025-03-06 13:49:15,759][flwr][INFO] - initial parameters (loss, other metrics): 27.83110272884369, {'accuracy': 69.778}
[2025-03-06 13:49:15,770][flwr][INFO] - FL starting
[2025-03-06 13:49:15,770][flwr][DEBUG] - fit_round 1: strategy sampled 10 clients (out of 10)
[2025-03-06 13:49:43,657][flwr][DEBUG] - fit_round 1 received 10 results and 0 failures
[2025-03-06 13:49:43,670][flwr][WARNING] - No fit_metrics_aggregation_fn provided
[2025-03-06 13:49:43,717][flwr][INFO] - fit progress: (1, 24.990778148174286, {'accuracy': 92.96}, 27.9472702)
[2025-03-06 13:49:43,718][flwr][DEBUG] - evaluate_round 1: strategy sampled 10 clients (out of 10)
[2025-03-06 13:49:57,012][flwr][DEBUG] - evaluate_round 1 received 10 results and 0 failures
[2025-03-06 13:49:57,012][flwr][WARNING] - No evaluate_metrics_aggregation_fn provided
[2025-03-06 13:49:57,012][flwr][DEBUG] - fit_round 2: strategy sampled 10 clients (out of 10)
[2025-03-06 13:50:25,447][flwr][DEBUG] - fit_round 2 received 10 results and 0 failures
[2025-03-06 13:50:25,504][flwr][INFO] - fit progress: (2, 23.859471380710602, {'accuracy': 92.96}, 69.7343045)
[2025-03-06 13:50:25,505][flwr][DEBUG] - evaluate_round 2: strategy sampled 10 clients (out of 10)
[2025-03-06 13:50:45,952][flwr][DEBUG] - evaluate_round 2 received 10 results and 0 failures
[2025-03-06 13:50:45,952][flwr][INFO] - FL finished in 90.1819169
[2025-03-06 13:50:45,953][flwr][INFO] - app_fit: losses_distributed [(1, 3.096890091896057), (2, 2.9411344677209854)]
[2025-03-06 13:50:45,953][flwr][INFO] - app_fit: metrics_distributed_fit {}
[2025-03-06 13:50:45,953][flwr][INFO] - app_fit: metrics_distributed {}
[2025-03-06 13:50:45,953][flwr][INFO] - app_fit: losses_centralized [(0, 27.83110272884369), (1, 24.990778148174286), (2, 23.859471380710602)]
[2025-03-06 13:50:45,954][flwr][INFO] - app_fit: metrics_centralized {'accuracy': [(0, 69.778), (1, 92.96), (2, 92.96)]}
