[2025-02-02 00:32:21,377][flwr][INFO] - Starting Flower simulation, config: ServerConfig(num_rounds=2, round_timeout=None)
[2025-02-02 00:32:25,495][flwr][INFO] - Flower VCE: Ray initialized with resources: {'CPU': 8.0, 'memory': 3046340199.0, 'GPU': 1.0, 'object_store_memory': 1523170099.0, 'node:127.0.0.1': 1.0}
[2025-02-02 00:32:25,496][flwr][INFO] - Initializing global parameters
[2025-02-02 00:32:25,496][flwr][INFO] - Requesting initial parameters from one random client
[2025-02-02 00:32:27,063][flwr][INFO] - Received initial parameters from one random client
[2025-02-02 00:32:27,063][flwr][INFO] - Evaluating initial parameters
[2025-02-02 00:32:28,459][flwr][INFO] - initial parameters (loss, other metrics): 655.3764100074768, {'accuracy': 63.848533333333336}
[2025-02-02 00:32:28,469][flwr][INFO] - FL starting
[2025-02-02 00:32:28,470][flwr][DEBUG] - fit_round 1: strategy sampled 10 clients (out of 10)
[2025-02-02 00:33:23,890][flwr][DEBUG] - fit_round 1 received 10 results and 0 failures
[2025-02-02 00:33:23,906][flwr][WARNING] - No fit_metrics_aggregation_fn provided
[2025-02-02 00:33:25,075][flwr][INFO] - fit progress: (1, 650.2241010069847, {'accuracy': 64.02163333333333}, 56.60562660000001)
[2025-02-02 00:33:25,075][flwr][DEBUG] - evaluate_round 1: strategy sampled 10 clients (out of 10)
[2025-02-02 00:33:48,065][flwr][DEBUG] - evaluate_round 1 received 10 results and 0 failures
[2025-02-02 00:33:48,065][flwr][WARNING] - No evaluate_metrics_aggregation_fn provided
[2025-02-02 00:33:48,065][flwr][DEBUG] - fit_round 2: strategy sampled 10 clients (out of 10)
[2025-02-02 00:34:56,185][flwr][DEBUG] - fit_round 2 received 10 results and 0 failures
[2025-02-02 00:34:57,614][flwr][INFO] - fit progress: (2, 650.1809359192848, {'accuracy': 63.919016666666664}, 149.1441695)
[2025-02-02 00:34:57,614][flwr][DEBUG] - evaluate_round 2: strategy sampled 10 clients (out of 10)
[2025-02-02 00:35:21,610][flwr][DEBUG] - evaluate_round 2 received 10 results and 0 failures
[2025-02-02 00:35:21,610][flwr][INFO] - FL finished in 173.140735
[2025-02-02 00:35:21,610][flwr][INFO] - app_fit: losses_distributed [(1, 83.19000208377838), (2, 83.1780820786953)]
[2025-02-02 00:35:21,611][flwr][INFO] - app_fit: metrics_distributed_fit {}
[2025-02-02 00:35:21,611][flwr][INFO] - app_fit: metrics_distributed {}
[2025-02-02 00:35:21,611][flwr][INFO] - app_fit: losses_centralized [(0, 655.3764100074768), (1, 650.2241010069847), (2, 650.1809359192848)]
[2025-02-02 00:35:21,611][flwr][INFO] - app_fit: metrics_centralized {'accuracy': [(0, 63.848533333333336), (1, 64.02163333333333), (2, 63.919016666666664)]}
