[2025-01-28 12:16:46,153][flwr][INFO] - Starting Flower simulation, config: ServerConfig(num_rounds=2, round_timeout=None)
[2025-01-28 12:16:51,852][flwr][INFO] - Flower VCE: Ray initialized with resources: {'object_store_memory': 1287440793.0, 'node:127.0.0.1': 1.0, 'GPU': 1.0, 'memory': 2574881588.0, 'CPU': 8.0}
[2025-01-28 12:16:51,853][flwr][INFO] - Initializing global parameters
[2025-01-28 12:16:51,853][flwr][INFO] - Requesting initial parameters from one random client
[2025-01-28 12:16:53,878][flwr][INFO] - Received initial parameters from one random client
[2025-01-28 12:16:53,878][flwr][INFO] - Evaluating initial parameters
[2025-01-28 12:16:55,322][flwr][INFO] - initial parameters (loss, other metrics): 651.4501233100891, {'accuracy': 63.96191666666667}
[2025-01-28 12:16:55,322][flwr][INFO] - FL starting
[2025-01-28 12:16:55,323][flwr][DEBUG] - fit_round 1: strategy sampled 10 clients (out of 10)
[2025-01-28 12:17:55,718][flwr][DEBUG] - fit_round 1 received 10 results and 0 failures
[2025-01-28 12:17:55,738][flwr][WARNING] - No fit_metrics_aggregation_fn provided
[2025-01-28 12:17:56,928][flwr][INFO] - fit progress: (1, 650.2771918773651, {'accuracy': 63.99941666666667}, 61.60502340000001)
[2025-01-28 12:17:56,928][flwr][DEBUG] - evaluate_round 1: strategy sampled 10 clients (out of 10)
[2025-01-28 12:18:15,450][flwr][DEBUG] - evaluate_round 1 received 10 results and 0 failures
[2025-01-28 12:18:15,450][flwr][WARNING] - No evaluate_metrics_aggregation_fn provided
[2025-01-28 12:18:15,450][flwr][DEBUG] - fit_round 2: strategy sampled 10 clients (out of 10)
[2025-01-28 12:19:10,313][flwr][DEBUG] - fit_round 2 received 10 results and 0 failures
[2025-01-28 12:19:12,046][flwr][INFO] - fit progress: (2, 650.2019869685173, {'accuracy': 63.98845}, 136.72336479999998)
[2025-01-28 12:19:12,046][flwr][DEBUG] - evaluate_round 2: strategy sampled 10 clients (out of 10)
[2025-01-28 12:19:38,110][flwr][DEBUG] - evaluate_round 2 received 10 results and 0 failures
[2025-01-28 12:19:38,111][flwr][INFO] - FL finished in 162.7881995
[2025-01-28 12:19:38,111][flwr][INFO] - app_fit: losses_distributed [(1, 83.20108850002289), (2, 83.19217767715455)]
[2025-01-28 12:19:38,112][flwr][INFO] - app_fit: metrics_distributed_fit {}
[2025-01-28 12:19:38,112][flwr][INFO] - app_fit: metrics_distributed {}
[2025-01-28 12:19:38,112][flwr][INFO] - app_fit: losses_centralized [(0, 651.4501233100891), (1, 650.2771918773651), (2, 650.2019869685173)]
[2025-01-28 12:19:38,112][flwr][INFO] - app_fit: metrics_centralized {'accuracy': [(0, 63.96191666666667), (1, 63.99941666666667), (2, 63.98845)]}
