[2025-01-19 13:38:00,629][flwr][INFO] - Starting Flower simulation, config: ServerConfig(num_rounds=2, round_timeout=None)
[2025-01-19 13:38:04,838][flwr][INFO] - Flower VCE: Ray initialized with resources: {'node:127.0.0.1': 1.0, 'GPU': 1.0, 'memory': 3272486094.0, 'CPU': 8.0, 'object_store_memory': 1636243046.0}
[2025-01-19 13:38:04,839][flwr][INFO] - Initializing global parameters
[2025-01-19 13:38:04,840][flwr][INFO] - Requesting initial parameters from one random client
[2025-01-19 13:38:06,154][flwr][INFO] - Received initial parameters from one random client
[2025-01-19 13:38:06,155][flwr][INFO] - Evaluating initial parameters
[2025-01-19 13:38:07,429][flwr][INFO] - initial parameters (loss, other metrics): 651.2330550551414, {'accuracy': 63.86698333333333}
[2025-01-19 13:38:07,430][flwr][INFO] - FL starting
[2025-01-19 13:38:07,430][flwr][DEBUG] - fit_round 1: strategy sampled 10 clients (out of 10)
[2025-01-19 13:38:30,341][flwr][DEBUG] - fit_round 1 received 10 results and 0 failures
[2025-01-19 13:38:30,354][flwr][WARNING] - No fit_metrics_aggregation_fn provided
[2025-01-19 13:38:31,709][flwr][INFO] - fit progress: (1, 650.1838124990463, {'accuracy': 63.88955}, 24.2782291)
[2025-01-19 13:38:31,709][flwr][DEBUG] - evaluate_round 1: strategy sampled 10 clients (out of 10)
[2025-01-19 13:38:46,716][flwr][DEBUG] - evaluate_round 1 received 10 results and 0 failures
[2025-01-19 13:38:46,717][flwr][WARNING] - No evaluate_metrics_aggregation_fn provided
[2025-01-19 13:38:46,717][flwr][DEBUG] - fit_round 2: strategy sampled 10 clients (out of 10)
[2025-01-19 13:39:08,463][flwr][DEBUG] - fit_round 2 received 10 results and 0 failures
[2025-01-19 13:39:09,738][flwr][INFO] - fit progress: (2, 650.1459684967995, {'accuracy': 64.01761666666667}, 62.307868799999994)
[2025-01-19 13:39:09,739][flwr][DEBUG] - evaluate_round 2: strategy sampled 10 clients (out of 10)
[2025-01-19 13:39:24,739][flwr][DEBUG] - evaluate_round 2 received 10 results and 0 failures
[2025-01-19 13:39:24,739][flwr][INFO] - FL finished in 77.30874969999999
[2025-01-19 13:39:24,740][flwr][INFO] - app_fit: losses_distributed [(1, 83.19221217632294), (2, 83.18511180877685)]
[2025-01-19 13:39:24,741][flwr][INFO] - app_fit: metrics_distributed_fit {}
[2025-01-19 13:39:24,741][flwr][INFO] - app_fit: metrics_distributed {}
[2025-01-19 13:39:24,741][flwr][INFO] - app_fit: losses_centralized [(0, 651.2330550551414), (1, 650.1838124990463), (2, 650.1459684967995)]
[2025-01-19 13:39:24,742][flwr][INFO] - app_fit: metrics_centralized {'accuracy': [(0, 63.86698333333333), (1, 63.88955), (2, 64.01761666666667)]}
