[2025-03-06 15:11:35,825][flwr][INFO] - Starting Flower simulation, config: ServerConfig(num_rounds=2, round_timeout=None)
[2025-03-06 15:11:40,271][flwr][INFO] - Flower VCE: Ray initialized with resources: {'CPU': 8.0, 'object_store_memory': 1220602675.0, 'GPU': 1.0, 'memory': 2441205351.0, 'node:127.0.0.1': 1.0}
[2025-03-06 15:11:40,271][flwr][INFO] - Initializing global parameters
[2025-03-06 15:11:40,271][flwr][INFO] - Requesting initial parameters from one random client
[2025-03-06 15:11:41,646][flwr][INFO] - Received initial parameters from one random client
[2025-03-06 15:11:41,646][flwr][INFO] - Evaluating initial parameters
[2025-03-06 15:11:41,701][flwr][INFO] - initial parameters (loss, other metrics): 27.930926740169525, {'accuracy': 68.196}
[2025-03-06 15:11:41,701][flwr][INFO] - FL starting
[2025-03-06 15:11:41,702][flwr][DEBUG] - fit_round 1: strategy sampled 10 clients (out of 10)
[2025-03-06 15:12:11,849][flwr][DEBUG] - fit_round 1 received 10 results and 0 failures
[2025-03-06 15:12:11,862][flwr][WARNING] - No fit_metrics_aggregation_fn provided
[2025-03-06 15:12:11,910][flwr][INFO] - fit progress: (1, 26.91385781764984, {'accuracy': 80.1656}, 30.208978899999998)
[2025-03-06 15:12:11,910][flwr][DEBUG] - evaluate_round 1: strategy sampled 10 clients (out of 10)
[2025-03-06 15:12:25,864][flwr][DEBUG] - evaluate_round 1 received 10 results and 0 failures
[2025-03-06 15:12:25,865][flwr][WARNING] - No evaluate_metrics_aggregation_fn provided
[2025-03-06 15:12:25,865][flwr][DEBUG] - fit_round 2: strategy sampled 10 clients (out of 10)
[2025-03-06 15:12:54,637][flwr][DEBUG] - fit_round 2 received 10 results and 0 failures
[2025-03-06 15:12:54,707][flwr][INFO] - fit progress: (2, 26.138127267360687, {'accuracy': 88.2992}, 73.00559)
[2025-03-06 15:12:54,707][flwr][DEBUG] - evaluate_round 2: strategy sampled 10 clients (out of 10)
[2025-03-06 15:13:11,049][flwr][DEBUG] - evaluate_round 2 received 10 results and 0 failures
[2025-03-06 15:13:11,049][flwr][INFO] - FL finished in 89.348229
[2025-03-06 15:13:11,049][flwr][INFO] - app_fit: losses_distributed [(1, 3.3846628785133364), (2, 3.2848748445510862)]
[2025-03-06 15:13:11,050][flwr][INFO] - app_fit: metrics_distributed_fit {}
[2025-03-06 15:13:11,050][flwr][INFO] - app_fit: metrics_distributed {}
[2025-03-06 15:13:11,050][flwr][INFO] - app_fit: losses_centralized [(0, 27.930926740169525), (1, 26.91385781764984), (2, 26.138127267360687)]
[2025-03-06 15:13:11,050][flwr][INFO] - app_fit: metrics_centralized {'accuracy': [(0, 68.196), (1, 80.1656), (2, 88.2992)]}
