[2025-03-29 12:02:12,071][flwr][INFO] - Starting Flower simulation, config: ServerConfig(num_rounds=2, round_timeout=None)
[2025-03-29 12:02:20,036][flwr][INFO] - Flower VCE: Ray initialized with resources: {'GPU': 1.0, 'node:127.0.0.1': 1.0, 'memory': 3377506715.0, 'CPU': 8.0, 'object_store_memory': 1688753356.0}
[2025-03-29 12:02:20,037][flwr][INFO] - Initializing global parameters
[2025-03-29 12:02:20,037][flwr][INFO] - Requesting initial parameters from one random client
[2025-03-29 12:02:23,386][flwr][INFO] - Received initial parameters from one random client
[2025-03-29 12:02:23,386][flwr][INFO] - Evaluating initial parameters
[2025-03-29 12:02:23,501][flwr][INFO] - initial parameters (loss, other metrics): 28.274579405784607, {'accuracy': 46.6928}
[2025-03-29 12:02:23,502][flwr][INFO] - FL starting
[2025-03-29 12:02:23,503][flwr][DEBUG] - fit_round 1: strategy sampled 10 clients (out of 10)
[2025-03-29 12:03:26,230][flwr][DEBUG] - fit_round 1 received 10 results and 0 failures
[2025-03-29 12:03:26,259][flwr][WARNING] - No fit_metrics_aggregation_fn provided
[2025-03-29 12:03:26,371][flwr][INFO] - fit progress: (1, 22.337524354457855, {'accuracy': 92.96}, 62.868688399999996)
[2025-03-29 12:03:26,372][flwr][DEBUG] - evaluate_round 1: strategy sampled 10 clients (out of 10)
[2025-03-29 12:03:55,967][flwr][DEBUG] - evaluate_round 1 received 10 results and 0 failures
[2025-03-29 12:03:55,967][flwr][WARNING] - No evaluate_metrics_aggregation_fn provided
[2025-03-29 12:03:55,968][flwr][DEBUG] - fit_round 2: strategy sampled 10 clients (out of 10)
[2025-03-29 12:04:53,363][flwr][DEBUG] - fit_round 2 received 10 results and 0 failures
[2025-03-29 12:04:53,519][flwr][INFO] - fit progress: (2, 20.777818739414215, {'accuracy': 92.96}, 150.0170201)
[2025-03-29 12:04:53,520][flwr][DEBUG] - evaluate_round 2: strategy sampled 10 clients (out of 10)
[2025-03-29 12:05:20,708][flwr][DEBUG] - evaluate_round 2 received 10 results and 0 failures
[2025-03-29 12:05:20,709][flwr][INFO] - FL finished in 177.2069135
[2025-03-29 12:05:20,709][flwr][INFO] - app_fit: losses_distributed [(1, 2.739969238638878), (2, 2.5475783586502074)]
[2025-03-29 12:05:20,710][flwr][INFO] - app_fit: metrics_distributed_fit {}
[2025-03-29 12:05:20,710][flwr][INFO] - app_fit: metrics_distributed {}
[2025-03-29 12:05:20,710][flwr][INFO] - app_fit: losses_centralized [(0, 28.274579405784607), (1, 22.337524354457855), (2, 20.777818739414215)]
[2025-03-29 12:05:20,711][flwr][INFO] - app_fit: metrics_centralized {'accuracy': [(0, 46.6928), (1, 92.96), (2, 92.96)]}
