[2025-01-18 18:28:17,455][flwr][INFO] - Starting Flower simulation, config: ServerConfig(num_rounds=1, round_timeout=None)
[2025-01-18 18:28:21,952][flwr][INFO] - Flower VCE: Ray initialized with resources: {'node:127.0.0.1': 1.0, 'CPU': 8.0, 'memory': 2948183655.0, 'object_store_memory': 1474091827.0, 'GPU': 1.0}
[2025-01-18 18:28:21,952][flwr][INFO] - Initializing global parameters
[2025-01-18 18:28:21,953][flwr][INFO] - Requesting initial parameters from one random client
[2025-01-18 18:28:23,367][flwr][INFO] - Received initial parameters from one random client
[2025-01-18 18:28:23,368][flwr][INFO] - Evaluating initial parameters
[2025-01-18 18:28:24,670][flwr][INFO] - initial parameters (loss, other metrics): 654.2014233469963, {'accuracy': 63.848533333333336}
[2025-01-18 18:28:24,671][flwr][INFO] - FL starting
[2025-01-18 18:28:24,671][flwr][DEBUG] - fit_round 1: strategy sampled 10 clients (out of 10)
[2025-01-18 18:28:51,483][flwr][DEBUG] - fit_round 1 received 10 results and 0 failures
[2025-01-18 18:28:51,496][flwr][WARNING] - No fit_metrics_aggregation_fn provided
[2025-01-18 18:28:52,957][flwr][INFO] - fit progress: (1, 650.2432941794395, {'accuracy': 64.11733333333333}, 28.286362299999997)
[2025-01-18 18:28:52,959][flwr][DEBUG] - evaluate_round 1: strategy sampled 10 clients (out of 10)
[2025-01-18 18:29:12,001][flwr][DEBUG] - evaluate_round 1 received 10 results and 0 failures
[2025-01-18 18:29:12,002][flwr][WARNING] - No evaluate_metrics_aggregation_fn provided
[2025-01-18 18:29:12,002][flwr][INFO] - FL finished in 47.3308306
[2025-01-18 18:29:12,003][flwr][INFO] - app_fit: losses_distributed [(1, 83.20145140886306)]
[2025-01-18 18:29:12,004][flwr][INFO] - app_fit: metrics_distributed_fit {}
[2025-01-18 18:29:12,004][flwr][INFO] - app_fit: metrics_distributed {}
[2025-01-18 18:29:12,005][flwr][INFO] - app_fit: losses_centralized [(0, 654.2014233469963), (1, 650.2432941794395)]
[2025-01-18 18:29:12,005][flwr][INFO] - app_fit: metrics_centralized {'accuracy': [(0, 63.848533333333336), (1, 64.11733333333333)]}
