[2025-02-03 00:12:19,801][flwr][INFO] - Starting Flower simulation, config: ServerConfig(num_rounds=2, round_timeout=None)
[2025-02-03 00:12:23,914][flwr][INFO] - Flower VCE: Ray initialized with resources: {'GPU': 1.0, 'CPU': 8.0, 'memory': 2238684366.0, 'node:127.0.0.1': 1.0, 'object_store_memory': 1119342182.0}
[2025-02-03 00:12:23,915][flwr][INFO] - Initializing global parameters
[2025-02-03 00:12:23,915][flwr][INFO] - Requesting initial parameters from one random client
[2025-02-03 00:12:25,326][flwr][INFO] - Received initial parameters from one random client
[2025-02-03 00:12:25,326][flwr][INFO] - Evaluating initial parameters
[2025-02-03 00:12:26,441][flwr][INFO] - initial parameters (loss, other metrics): 654.6626310348511, {'accuracy': 63.848533333333336}
[2025-02-03 00:12:26,452][flwr][INFO] - FL starting
[2025-02-03 00:12:26,452][flwr][DEBUG] - fit_round 1: strategy sampled 10 clients (out of 10)
[2025-02-03 00:13:17,695][flwr][DEBUG] - fit_round 1 received 10 results and 0 failures
[2025-02-03 00:13:17,708][flwr][WARNING] - No fit_metrics_aggregation_fn provided
[2025-02-03 00:13:18,857][flwr][INFO] - fit progress: (1, 650.2383295893669, {'accuracy': 64.04221666666666}, 52.40509589999999)
[2025-02-03 00:13:18,857][flwr][DEBUG] - evaluate_round 1: strategy sampled 10 clients (out of 10)
[2025-02-03 00:13:35,975][flwr][DEBUG] - evaluate_round 1 received 10 results and 0 failures
[2025-02-03 00:13:35,975][flwr][WARNING] - No evaluate_metrics_aggregation_fn provided
[2025-02-03 00:13:35,976][flwr][DEBUG] - fit_round 2: strategy sampled 10 clients (out of 10)
[2025-02-03 00:14:34,147][flwr][DEBUG] - fit_round 2 received 10 results and 0 failures
[2025-02-03 00:14:35,340][flwr][INFO] - fit progress: (2, 650.1680212020874, {'accuracy': 63.97375}, 128.8882502)
[2025-02-03 00:14:35,340][flwr][DEBUG] - evaluate_round 2: strategy sampled 10 clients (out of 10)
[2025-02-03 00:14:55,451][flwr][DEBUG] - evaluate_round 2 received 10 results and 0 failures
[2025-02-03 00:14:55,451][flwr][INFO] - FL finished in 148.9988502
[2025-02-03 00:14:55,452][flwr][INFO] - app_fit: losses_distributed [(1, 83.2360275387764), (2, 83.20560574531555)]
[2025-02-03 00:14:55,452][flwr][INFO] - app_fit: metrics_distributed_fit {}
[2025-02-03 00:14:55,452][flwr][INFO] - app_fit: metrics_distributed {}
[2025-02-03 00:14:55,452][flwr][INFO] - app_fit: losses_centralized [(0, 654.6626310348511), (1, 650.2383295893669), (2, 650.1680212020874)]
[2025-02-03 00:14:55,452][flwr][INFO] - app_fit: metrics_centralized {'accuracy': [(0, 63.848533333333336), (1, 64.04221666666666), (2, 63.97375)]}
