[2025-01-19 14:47:20,035][flwr][INFO] - Starting Flower simulation, config: ServerConfig(num_rounds=2, round_timeout=None)
[2025-01-19 14:47:24,453][flwr][INFO] - Flower VCE: Ray initialized with resources: {'memory': 2823470286.0, 'GPU': 1.0, 'object_store_memory': 1411735142.0, 'node:127.0.0.1': 1.0, 'CPU': 8.0}
[2025-01-19 14:47:24,454][flwr][INFO] - Initializing global parameters
[2025-01-19 14:47:24,454][flwr][INFO] - Requesting initial parameters from one random client
[2025-01-19 14:47:25,796][flwr][INFO] - Received initial parameters from one random client
[2025-01-19 14:47:25,796][flwr][INFO] - Evaluating initial parameters
[2025-01-19 14:47:27,041][flwr][INFO] - initial parameters (loss, other metrics): 651.1921859383583, {'accuracy': 64.04163333333334}
[2025-01-19 14:47:27,042][flwr][INFO] - FL starting
[2025-01-19 14:47:27,043][flwr][DEBUG] - fit_round 1: strategy sampled 10 clients (out of 10)
[2025-01-19 14:47:51,236][flwr][DEBUG] - fit_round 1 received 10 results and 0 failures
[2025-01-19 14:47:51,250][flwr][WARNING] - No fit_metrics_aggregation_fn provided
[2025-01-19 14:47:52,555][flwr][INFO] - fit progress: (1, 650.1548209786415, {'accuracy': 64.06725}, 25.5120769)
[2025-01-19 14:47:52,555][flwr][DEBUG] - evaluate_round 1: strategy sampled 10 clients (out of 10)
[2025-01-19 14:47:52,755][flwr][DEBUG] - evaluate_round 1 received 0 results and 10 failures
[2025-01-19 14:47:52,756][flwr][DEBUG] - fit_round 2: strategy sampled 10 clients (out of 10)
[2025-01-19 14:48:15,260][flwr][DEBUG] - fit_round 2 received 10 results and 0 failures
[2025-01-19 14:48:16,506][flwr][INFO] - fit progress: (2, 650.1663881540298, {'accuracy': 64.10748333333333}, 49.4632649)
[2025-01-19 14:48:16,507][flwr][DEBUG] - evaluate_round 2: strategy sampled 10 clients (out of 10)
[2025-01-19 14:48:16,681][flwr][DEBUG] - evaluate_round 2 received 0 results and 10 failures
[2025-01-19 14:48:16,682][flwr][INFO] - FL finished in 49.6392233
[2025-01-19 14:48:16,683][flwr][INFO] - app_fit: losses_distributed []
[2025-01-19 14:48:16,683][flwr][INFO] - app_fit: metrics_distributed_fit {}
[2025-01-19 14:48:16,684][flwr][INFO] - app_fit: metrics_distributed {}
[2025-01-19 14:48:16,684][flwr][INFO] - app_fit: losses_centralized [(0, 651.1921859383583), (1, 650.1548209786415), (2, 650.1663881540298)]
[2025-01-19 14:48:16,684][flwr][INFO] - app_fit: metrics_centralized {'accuracy': [(0, 64.04163333333334), (1, 64.06725), (2, 64.10748333333333)]}
