[2025-01-28 13:59:41,912][flwr][INFO] - Starting Flower simulation, config: ServerConfig(num_rounds=2, round_timeout=None)
[2025-01-28 13:59:46,907][flwr][INFO] - Flower VCE: Ray initialized with resources: {'CPU': 8.0, 'GPU': 1.0, 'memory': 2716063335.0, 'object_store_memory': 1358031667.0, 'node:127.0.0.1': 1.0}
[2025-01-28 13:59:46,908][flwr][INFO] - Initializing global parameters
[2025-01-28 13:59:46,909][flwr][INFO] - Requesting initial parameters from one random client
[2025-01-28 13:59:48,451][flwr][INFO] - Received initial parameters from one random client
[2025-01-28 13:59:48,452][flwr][INFO] - Evaluating initial parameters
[2025-01-28 13:59:49,832][flwr][INFO] - initial parameters (loss, other metrics): 652.3141250610352, {'accuracy': 63.93575}
[2025-01-28 13:59:49,833][flwr][INFO] - FL starting
[2025-01-28 13:59:49,834][flwr][DEBUG] - fit_round 1: strategy sampled 10 clients (out of 10)
[2025-01-28 14:00:41,861][flwr][DEBUG] - fit_round 1 received 10 results and 0 failures
[2025-01-28 14:00:41,876][flwr][WARNING] - No fit_metrics_aggregation_fn provided
[2025-01-28 14:00:43,350][flwr][INFO] - fit progress: (1, 650.2572479248047, {'accuracy': 63.9428}, 53.51604759999999)
[2025-01-28 14:00:43,351][flwr][DEBUG] - evaluate_round 1: strategy sampled 10 clients (out of 10)
[2025-01-28 14:01:00,076][flwr][DEBUG] - evaluate_round 1 received 10 results and 0 failures
[2025-01-28 14:01:00,078][flwr][WARNING] - No evaluate_metrics_aggregation_fn provided
[2025-01-28 14:01:00,078][flwr][DEBUG] - fit_round 2: strategy sampled 10 clients (out of 10)
[2025-01-28 14:01:55,205][flwr][DEBUG] - fit_round 2 received 10 results and 0 failures
[2025-01-28 14:01:56,927][flwr][INFO] - fit progress: (2, 650.1744866967201, {'accuracy': 63.936483333333335}, 127.0939264)
[2025-01-28 14:01:56,928][flwr][DEBUG] - evaluate_round 2: strategy sampled 10 clients (out of 10)
[2025-01-28 14:02:18,174][flwr][DEBUG] - evaluate_round 2 received 10 results and 0 failures
[2025-01-28 14:02:18,175][flwr][INFO] - FL finished in 148.3412037
[2025-01-28 14:02:18,176][flwr][INFO] - app_fit: losses_distributed [(1, 83.18857814669609), (2, 83.17486259937286)]
[2025-01-28 14:02:18,176][flwr][INFO] - app_fit: metrics_distributed_fit {}
[2025-01-28 14:02:18,177][flwr][INFO] - app_fit: metrics_distributed {}
[2025-01-28 14:02:18,177][flwr][INFO] - app_fit: losses_centralized [(0, 652.3141250610352), (1, 650.2572479248047), (2, 650.1744866967201)]
[2025-01-28 14:02:18,178][flwr][INFO] - app_fit: metrics_centralized {'accuracy': [(0, 63.93575), (1, 63.9428), (2, 63.936483333333335)]}
