[2025-06-20 15:03:03,926][flwr][INFO] - Starting Flower simulation, config: ServerConfig(num_rounds=1, round_timeout=None)
[2025-06-20 15:03:11,429][flwr][INFO] - Flower VCE: Ray initialized with resources: {'node:127.0.0.1': 1.0, 'object_store_memory': 2050164326.0, 'memory': 4100328654.0, 'GPU': 1.0, 'CPU': 8.0}
[2025-06-20 15:03:11,430][flwr][INFO] - Initializing global parameters
[2025-06-20 15:03:11,431][flwr][INFO] - Requesting initial parameters from one random client
[2025-06-20 15:03:16,674][flwr][INFO] - Received initial parameters from one random client
[2025-06-20 15:03:16,675][flwr][INFO] - Evaluating initial parameters
[2025-06-20 15:03:17,539][flwr][INFO] - initial parameters (loss, other metrics): 6.292669773101807, {'accuracy': 0.4908424908424908, 'precision': 0.35294117647058826, 'recall': 0.02197802197802198, 'f1_score': 0.04137931034482759}
[2025-06-20 15:03:17,542][flwr][INFO] - FL starting
[2025-06-20 15:03:17,544][flwr][DEBUG] - fit_round 1: strategy sampled 5 clients (out of 5)
[2025-06-20 15:06:18,752][flwr][DEBUG] - fit_round 1 received 5 results and 0 failures
[2025-06-20 15:06:18,767][flwr][WARNING] - No fit_metrics_aggregation_fn provided
[2025-06-20 15:06:19,236][flwr][INFO] - fit progress: (1, 5.3550413846969604, {'accuracy': 0.7783882783882784, 'precision': 0.8064516129032258, 'recall': 0.7326007326007326, 'f1_score': 0.7677543186180422}, 181.6920337)
[2025-06-20 15:06:19,236][flwr][DEBUG] - evaluate_round 1: strategy sampled 5 clients (out of 5)
[2025-06-20 15:06:35,741][flwr][DEBUG] - evaluate_round 1 received 5 results and 0 failures
[2025-06-20 15:06:35,741][flwr][WARNING] - No evaluate_metrics_aggregation_fn provided
[2025-06-20 15:06:35,742][flwr][INFO] - FL finished in 198.198893
[2025-06-20 15:06:35,743][flwr][INFO] - app_fit: losses_distributed [(1, 1.2113701939582824)]
[2025-06-20 15:06:35,744][flwr][INFO] - app_fit: metrics_distributed_fit {}
[2025-06-20 15:06:35,744][flwr][INFO] - app_fit: metrics_distributed {}
[2025-06-20 15:06:35,745][flwr][INFO] - app_fit: losses_centralized [(0, 6.292669773101807), (1, 5.3550413846969604)]
[2025-06-20 15:06:35,746][flwr][INFO] - app_fit: metrics_centralized {'accuracy': [(0, 0.4908424908424908), (1, 0.7783882783882784)], 'precision': [(0, 0.35294117647058826), (1, 0.8064516129032258)], 'recall': [(0, 0.02197802197802198), (1, 0.7326007326007326)], 'f1_score': [(0, 0.04137931034482759), (1, 0.7677543186180422)]}
