[2025-04-01 06:35:25,853][flwr][INFO] - Starting Flower simulation, config: ServerConfig(num_rounds=2, round_timeout=None)
[2025-04-01 06:35:35,074][flwr][INFO] - Flower VCE: Ray initialized with resources: {'memory': 1778157159.0, 'node:127.0.0.1': 1.0, 'object_store_memory': 889078579.0, 'GPU': 1.0, 'CPU': 8.0}
[2025-04-01 06:35:35,075][flwr][INFO] - Initializing global parameters
[2025-04-01 06:35:35,075][flwr][INFO] - Requesting initial parameters from one random client
[2025-04-01 06:35:39,198][flwr][INFO] - Received initial parameters from one random client
[2025-04-01 06:35:39,199][flwr][INFO] - Evaluating initial parameters
[2025-04-01 06:35:39,362][flwr][INFO] - initial parameters (loss, other metrics): 29.106323063373566, {'accuracy': 35.9088}
[2025-04-01 06:35:39,363][flwr][INFO] - FL starting
[2025-04-01 06:35:39,364][flwr][DEBUG] - fit_round 1: strategy sampled 10 clients (out of 10)
[2025-04-01 06:37:02,095][flwr][DEBUG] - fit_round 1 received 10 results and 0 failures
[2025-04-01 06:37:02,136][flwr][WARNING] - No fit_metrics_aggregation_fn provided
[2025-04-01 06:37:02,265][flwr][INFO] - fit progress: (1, 25.11221271753311, {'accuracy': 92.96}, 82.90105009999999)
[2025-04-01 06:37:02,266][flwr][DEBUG] - evaluate_round 1: strategy sampled 10 clients (out of 10)
[2025-04-01 06:37:34,591][flwr][DEBUG] - evaluate_round 1 received 10 results and 0 failures
[2025-04-01 06:37:34,591][flwr][WARNING] - No evaluate_metrics_aggregation_fn provided
[2025-04-01 06:37:34,592][flwr][DEBUG] - fit_round 2: strategy sampled 10 clients (out of 10)
[2025-04-01 06:38:46,218][flwr][DEBUG] - fit_round 2 received 10 results and 0 failures
[2025-04-01 06:38:46,408][flwr][INFO] - fit progress: (2, 23.42810082435608, {'accuracy': 92.96}, 187.0433741)
[2025-04-01 06:38:46,408][flwr][DEBUG] - evaluate_round 2: strategy sampled 10 clients (out of 10)
[2025-04-01 06:39:17,833][flwr][DEBUG] - evaluate_round 2 received 10 results and 0 failures
[2025-04-01 06:39:17,834][flwr][INFO] - FL finished in 218.47029139999998
[2025-04-01 06:39:17,835][flwr][INFO] - app_fit: losses_distributed [(1, 3.1295759320259093), (2, 2.8986775636672975)]
[2025-04-01 06:39:17,835][flwr][INFO] - app_fit: metrics_distributed_fit {}
[2025-04-01 06:39:17,836][flwr][INFO] - app_fit: metrics_distributed {}
[2025-04-01 06:39:17,836][flwr][INFO] - app_fit: losses_centralized [(0, 29.106323063373566), (1, 25.11221271753311), (2, 23.42810082435608)]
[2025-04-01 06:39:17,837][flwr][INFO] - app_fit: metrics_centralized {'accuracy': [(0, 35.9088), (1, 92.96), (2, 92.96)]}
