[2025-01-19 13:59:17,870][flwr][INFO] - Starting Flower simulation, config: ServerConfig(num_rounds=2, round_timeout=None)
[2025-01-19 13:59:22,727][flwr][INFO] - Flower VCE: Ray initialized with resources: {'CPU': 8.0, 'object_store_memory': 1509084364.0, 'memory': 3018168731.0, 'node:127.0.0.1': 1.0, 'GPU': 1.0}
[2025-01-19 13:59:22,730][flwr][INFO] - Initializing global parameters
[2025-01-19 13:59:22,731][flwr][INFO] - Requesting initial parameters from one random client
[2025-01-19 13:59:24,290][flwr][INFO] - Received initial parameters from one random client
[2025-01-19 13:59:24,290][flwr][INFO] - Evaluating initial parameters
[2025-01-19 13:59:25,668][flwr][INFO] - initial parameters (loss, other metrics): 651.4000816941261, {'accuracy': 63.902116666666664}
[2025-01-19 13:59:25,670][flwr][INFO] - FL starting
[2025-01-19 13:59:25,670][flwr][DEBUG] - fit_round 1: strategy sampled 10 clients (out of 10)
[2025-01-19 13:59:51,082][flwr][DEBUG] - fit_round 1 received 10 results and 0 failures
[2025-01-19 13:59:51,095][flwr][WARNING] - No fit_metrics_aggregation_fn provided
[2025-01-19 13:59:52,365][flwr][INFO] - fit progress: (1, 650.2589584589005, {'accuracy': 64.11733333333333}, 26.694442799999997)
[2025-01-19 13:59:52,365][flwr][DEBUG] - evaluate_round 1: strategy sampled 10 clients (out of 10)
[2025-01-19 14:00:07,370][flwr][DEBUG] - evaluate_round 1 received 10 results and 0 failures
[2025-01-19 14:00:07,371][flwr][WARNING] - No evaluate_metrics_aggregation_fn provided
[2025-01-19 14:00:07,371][flwr][DEBUG] - fit_round 2: strategy sampled 10 clients (out of 10)
[2025-01-19 14:00:30,007][flwr][DEBUG] - fit_round 2 received 10 results and 0 failures
[2025-01-19 14:00:31,543][flwr][INFO] - fit progress: (2, 650.1433137059212, {'accuracy': 64.09225}, 65.8728213)
[2025-01-19 14:00:31,544][flwr][DEBUG] - evaluate_round 2: strategy sampled 10 clients (out of 10)
[2025-01-19 14:00:50,572][flwr][DEBUG] - evaluate_round 2 received 10 results and 0 failures
[2025-01-19 14:00:50,573][flwr][INFO] - FL finished in 84.9018551
[2025-01-19 14:00:50,573][flwr][INFO] - app_fit: losses_distributed [(1, 83.20937035679817), (2, 83.18553891181946)]
[2025-01-19 14:00:50,574][flwr][INFO] - app_fit: metrics_distributed_fit {}
[2025-01-19 14:00:50,574][flwr][INFO] - app_fit: metrics_distributed {}
[2025-01-19 14:00:50,574][flwr][INFO] - app_fit: losses_centralized [(0, 651.4000816941261), (1, 650.2589584589005), (2, 650.1433137059212)]
[2025-01-19 14:00:50,575][flwr][INFO] - app_fit: metrics_centralized {'accuracy': [(0, 63.902116666666664), (1, 64.11733333333333), (2, 64.09225)]}
