[2025-03-30 14:18:00,866][flwr][INFO] - Starting Flower simulation, config: ServerConfig(num_rounds=4, round_timeout=None)
[2025-03-30 14:18:08,382][flwr][INFO] - Flower VCE: Ray initialized with resources: {'object_store_memory': 1491878707.0, 'GPU': 1.0, 'node:127.0.0.1': 1.0, 'CPU': 8.0, 'memory': 2983757415.0}
[2025-03-30 14:18:08,383][flwr][INFO] - Initializing global parameters
[2025-03-30 14:18:08,384][flwr][INFO] - Requesting initial parameters from one random client
[2025-03-30 14:18:11,299][flwr][INFO] - Received initial parameters from one random client
[2025-03-30 14:18:11,300][flwr][INFO] - Evaluating initial parameters
[2025-03-30 14:18:11,454][flwr][INFO] - initial parameters (loss, other metrics): 25.798102617263794, {'accuracy': 92.96}
[2025-03-30 14:18:11,456][flwr][INFO] - FL starting
[2025-03-30 14:18:11,457][flwr][DEBUG] - fit_round 1: strategy sampled 5 clients (out of 10)
[2025-03-30 14:19:37,670][flwr][DEBUG] - fit_round 1 received 5 results and 0 failures
[2025-03-30 14:19:37,686][flwr][WARNING] - No fit_metrics_aggregation_fn provided
[2025-03-30 14:19:37,857][flwr][INFO] - fit progress: (1, 24.591610193252563, {'accuracy': 92.96}, 86.4008903)
[2025-03-30 14:19:37,858][flwr][DEBUG] - evaluate_round 1: strategy sampled 5 clients (out of 10)
[2025-03-30 14:19:54,615][flwr][DEBUG] - evaluate_round 1 received 5 results and 0 failures
[2025-03-30 14:19:54,616][flwr][WARNING] - No evaluate_metrics_aggregation_fn provided
[2025-03-30 14:19:54,617][flwr][DEBUG] - fit_round 2: strategy sampled 5 clients (out of 10)
[2025-03-30 14:21:13,758][flwr][DEBUG] - fit_round 2 received 5 results and 0 failures
[2025-03-30 14:21:13,906][flwr][INFO] - fit progress: (2, 23.811801075935364, {'accuracy': 92.96}, 182.4496352)
[2025-03-30 14:21:13,907][flwr][DEBUG] - evaluate_round 2: strategy sampled 5 clients (out of 10)
[2025-03-30 14:21:32,259][flwr][DEBUG] - evaluate_round 2 received 5 results and 0 failures
[2025-03-30 14:21:32,260][flwr][DEBUG] - fit_round 3: strategy sampled 5 clients (out of 10)
[2025-03-30 14:22:53,819][flwr][DEBUG] - fit_round 3 received 5 results and 0 failures
[2025-03-30 14:22:53,976][flwr][INFO] - fit progress: (3, 23.354468822479248, {'accuracy': 92.96}, 282.5193834)
[2025-03-30 14:22:53,977][flwr][DEBUG] - evaluate_round 3: strategy sampled 5 clients (out of 10)
[2025-03-30 14:23:11,395][flwr][DEBUG] - evaluate_round 3 received 5 results and 0 failures
[2025-03-30 14:23:11,397][flwr][DEBUG] - fit_round 4: strategy sampled 5 clients (out of 10)
[2025-03-30 14:24:46,217][flwr][DEBUG] - fit_round 4 received 5 results and 0 failures
[2025-03-30 14:24:46,391][flwr][INFO] - fit progress: (4, 23.086633443832397, {'accuracy': 92.96}, 394.9352888)
[2025-03-30 14:24:46,393][flwr][DEBUG] - evaluate_round 4: strategy sampled 5 clients (out of 10)
[2025-03-30 14:25:03,411][flwr][DEBUG] - evaluate_round 4 received 5 results and 0 failures
[2025-03-30 14:25:03,412][flwr][INFO] - FL finished in 411.955777
[2025-03-30 14:25:03,414][flwr][INFO] - app_fit: losses_distributed [(1, 3.0290281891822817), (2, 2.9117863953113554), (3, 2.8436814665794374), (4, 2.8149254500865935)]
[2025-03-30 14:25:03,415][flwr][INFO] - app_fit: metrics_distributed_fit {}
[2025-03-30 14:25:03,416][flwr][INFO] - app_fit: metrics_distributed {}
[2025-03-30 14:25:03,417][flwr][INFO] - app_fit: losses_centralized [(0, 25.798102617263794), (1, 24.591610193252563), (2, 23.811801075935364), (3, 23.354468822479248), (4, 23.086633443832397)]
[2025-03-30 14:25:03,418][flwr][INFO] - app_fit: metrics_centralized {'accuracy': [(0, 92.96), (1, 92.96), (2, 92.96), (3, 92.96), (4, 92.96)]}
