[2025-01-27 08:22:13,420][flwr][INFO] - Starting Flower simulation, config: ServerConfig(num_rounds=2, round_timeout=None)
[2025-01-27 08:22:17,326][flwr][INFO] - Flower VCE: Ray initialized with resources: {'GPU': 1.0, 'memory': 3329930036.0, 'CPU': 8.0, 'object_store_memory': 1664965017.0, 'node:127.0.0.1': 1.0}
[2025-01-27 08:22:17,327][flwr][INFO] - Initializing global parameters
[2025-01-27 08:22:17,327][flwr][INFO] - Requesting initial parameters from one random client
[2025-01-27 08:22:18,677][flwr][INFO] - Received initial parameters from one random client
[2025-01-27 08:22:18,678][flwr][INFO] - Evaluating initial parameters
[2025-01-27 08:22:19,962][flwr][INFO] - initial parameters (loss, other metrics): 650.8153337240219, {'accuracy': 64.06228333333334}
[2025-01-27 08:22:19,963][flwr][INFO] - FL starting
[2025-01-27 08:22:19,964][flwr][DEBUG] - fit_round 1: strategy sampled 10 clients (out of 10)
[2025-01-27 08:22:44,103][flwr][DEBUG] - fit_round 1 received 10 results and 0 failures
[2025-01-27 08:22:44,116][flwr][WARNING] - No fit_metrics_aggregation_fn provided
[2025-01-27 08:22:45,356][flwr][INFO] - fit progress: (1, 650.2500502467155, {'accuracy': 64.11733333333333}, 25.3935023)
[2025-01-27 08:22:45,357][flwr][DEBUG] - evaluate_round 1: strategy sampled 10 clients (out of 10)
[2025-01-27 08:23:00,683][flwr][DEBUG] - evaluate_round 1 received 10 results and 0 failures
[2025-01-27 08:23:00,684][flwr][WARNING] - No evaluate_metrics_aggregation_fn provided
[2025-01-27 08:23:00,684][flwr][DEBUG] - fit_round 2: strategy sampled 10 clients (out of 10)
[2025-01-27 08:23:24,935][flwr][DEBUG] - fit_round 2 received 10 results and 0 failures
[2025-01-27 08:23:26,638][flwr][INFO] - fit progress: (2, 650.1800922751427, {'accuracy': 63.86235}, 66.67491749999999)
[2025-01-27 08:23:26,639][flwr][DEBUG] - evaluate_round 2: strategy sampled 10 clients (out of 10)
[2025-01-27 08:23:50,025][flwr][DEBUG] - evaluate_round 2 received 10 results and 0 failures
[2025-01-27 08:23:50,026][flwr][INFO] - FL finished in 90.06292339999999
[2025-01-27 08:23:50,027][flwr][INFO] - app_fit: losses_distributed [(1, 83.21048185825347), (2, 83.17723650932312)]
[2025-01-27 08:23:50,028][flwr][INFO] - app_fit: metrics_distributed_fit {}
[2025-01-27 08:23:50,028][flwr][INFO] - app_fit: metrics_distributed {}
[2025-01-27 08:23:50,029][flwr][INFO] - app_fit: losses_centralized [(0, 650.8153337240219), (1, 650.2500502467155), (2, 650.1800922751427)]
[2025-01-27 08:23:50,029][flwr][INFO] - app_fit: metrics_centralized {'accuracy': [(0, 64.06228333333334), (1, 64.11733333333333), (2, 63.86235)]}
