[2024-12-12 11:16:25,656][flwr][INFO] - Starting Flower simulation, config: ServerConfig(num_rounds=2, round_timeout=None)
[2024-12-12 11:16:30,934][flwr][INFO] - Flower VCE: Ray initialized with resources: {'CPU': 8.0, 'GPU': 1.0, 'memory': 4341013710.0, 'object_store_memory': 2170506854.0, 'node:127.0.0.1': 1.0}
[2024-12-12 11:16:30,938][flwr][INFO] - Initializing global parameters
[2024-12-12 11:16:30,939][flwr][INFO] - Requesting initial parameters from one random client
[2024-12-12 11:16:34,987][flwr][INFO] - Received initial parameters from one random client
[2024-12-12 11:16:34,989][flwr][INFO] - Evaluating initial parameters
[2024-12-12 11:16:36,522][flwr][INFO] - initial parameters (loss, other metrics): 655.9720752835274, {'accuracy': 63.848533333333336}
[2024-12-12 11:16:36,535][flwr][INFO] - FL starting
[2024-12-12 11:16:36,535][flwr][DEBUG] - fit_round 1: strategy sampled 10 clients (out of 10)
[2024-12-12 11:17:07,278][flwr][DEBUG] - fit_round 1 received 10 results and 0 failures
[2024-12-12 11:17:07,293][flwr][WARNING] - No fit_metrics_aggregation_fn provided
[2024-12-12 11:17:08,632][flwr][INFO] - fit progress: (1, 650.1847403049469, {'accuracy': 63.92466666666667}, 32.096777800000005)
[2024-12-12 11:17:08,633][flwr][DEBUG] - evaluate_round 1: strategy sampled 10 clients (out of 10)
[2024-12-12 11:17:27,021][flwr][DEBUG] - evaluate_round 1 received 10 results and 0 failures
[2024-12-12 11:17:27,022][flwr][WARNING] - No evaluate_metrics_aggregation_fn provided
[2024-12-12 11:17:27,022][flwr][DEBUG] - fit_round 2: strategy sampled 10 clients (out of 10)
[2024-12-12 11:17:54,435][flwr][DEBUG] - fit_round 2 received 10 results and 0 failures
[2024-12-12 11:17:55,786][flwr][INFO] - fit progress: (2, 650.1821540594101, {'accuracy': 64.11733333333333}, 79.2509043)
[2024-12-12 11:17:55,787][flwr][DEBUG] - evaluate_round 2: strategy sampled 10 clients (out of 10)
[2024-12-12 11:18:14,571][flwr][DEBUG] - evaluate_round 2 received 10 results and 0 failures
[2024-12-12 11:18:14,571][flwr][INFO] - FL finished in 98.0357122
[2024-12-12 11:18:14,572][flwr][INFO] - app_fit: losses_distributed [(1, 83.18221153020859), (2, 83.19767766594887)]
[2024-12-12 11:18:14,573][flwr][INFO] - app_fit: metrics_distributed_fit {}
[2024-12-12 11:18:14,573][flwr][INFO] - app_fit: metrics_distributed {}
[2024-12-12 11:18:14,573][flwr][INFO] - app_fit: losses_centralized [(0, 655.9720752835274), (1, 650.1847403049469), (2, 650.1821540594101)]
[2024-12-12 11:18:14,574][flwr][INFO] - app_fit: metrics_centralized {'accuracy': [(0, 63.848533333333336), (1, 63.92466666666667), (2, 64.11733333333333)]}
