[2025-03-06 13:37:57,868][flwr][INFO] - Starting Flower simulation, config: ServerConfig(num_rounds=2, round_timeout=None)
[2025-03-06 13:38:02,000][flwr][INFO] - Flower VCE: Ray initialized with resources: {'GPU': 1.0, 'node:127.0.0.1': 1.0, 'CPU': 8.0, 'object_store_memory': 1176692736.0, 'memory': 2353385472.0}
[2025-03-06 13:38:02,000][flwr][INFO] - Initializing global parameters
[2025-03-06 13:38:02,000][flwr][INFO] - Requesting initial parameters from one random client
[2025-03-06 13:38:03,421][flwr][INFO] - Received initial parameters from one random client
[2025-03-06 13:38:03,422][flwr][INFO] - Evaluating initial parameters
[2025-03-06 13:38:03,470][flwr][INFO] - initial parameters (loss, other metrics): 28.994435131549835, {'accuracy': 38.2456}
[2025-03-06 13:38:03,481][flwr][INFO] - FL starting
[2025-03-06 13:38:03,481][flwr][DEBUG] - fit_round 1: strategy sampled 10 clients (out of 10)
[2025-03-06 13:38:31,521][flwr][DEBUG] - fit_round 1 received 10 results and 0 failures
[2025-03-06 13:38:31,534][flwr][WARNING] - No fit_metrics_aggregation_fn provided
[2025-03-06 13:38:31,579][flwr][INFO] - fit progress: (1, 25.498974919319153, {'accuracy': 92.96}, 28.0993029)
[2025-03-06 13:38:31,580][flwr][DEBUG] - evaluate_round 1: strategy sampled 10 clients (out of 10)
[2025-03-06 13:38:44,580][flwr][DEBUG] - evaluate_round 1 received 10 results and 0 failures
[2025-03-06 13:38:44,581][flwr][WARNING] - No evaluate_metrics_aggregation_fn provided
[2025-03-06 13:38:44,581][flwr][DEBUG] - fit_round 2: strategy sampled 10 clients (out of 10)
[2025-03-06 13:39:12,032][flwr][DEBUG] - fit_round 2 received 10 results and 0 failures
[2025-03-06 13:39:12,098][flwr][INFO] - fit progress: (2, 23.980918049812317, {'accuracy': 92.96}, 68.6174841)
[2025-03-06 13:39:12,098][flwr][DEBUG] - evaluate_round 2: strategy sampled 10 clients (out of 10)
[2025-03-06 13:39:27,636][flwr][DEBUG] - evaluate_round 2 received 10 results and 0 failures
[2025-03-06 13:39:27,637][flwr][INFO] - FL finished in 84.1557405
[2025-03-06 13:39:27,637][flwr][INFO] - app_fit: losses_distributed [(1, 3.177763170003891), (2, 2.974072885513306)]
[2025-03-06 13:39:27,637][flwr][INFO] - app_fit: metrics_distributed_fit {}
[2025-03-06 13:39:27,637][flwr][INFO] - app_fit: metrics_distributed {}
[2025-03-06 13:39:27,637][flwr][INFO] - app_fit: losses_centralized [(0, 28.994435131549835), (1, 25.498974919319153), (2, 23.980918049812317)]
[2025-03-06 13:39:27,638][flwr][INFO] - app_fit: metrics_centralized {'accuracy': [(0, 38.2456), (1, 92.96), (2, 92.96)]}
