[2025-01-29 01:13:08,270][flwr][INFO] - Starting Flower simulation, config: ServerConfig(num_rounds=2, round_timeout=None)
[2025-01-29 01:13:12,340][flwr][INFO] - Flower VCE: Ray initialized with resources: {'object_store_memory': 1298015846.0, 'CPU': 8.0, 'memory': 2596031694.0, 'GPU': 1.0, 'node:127.0.0.1': 1.0}
[2025-01-29 01:13:12,341][flwr][INFO] - Initializing global parameters
[2025-01-29 01:13:12,341][flwr][INFO] - Requesting initial parameters from one random client
[2025-01-29 01:13:13,653][flwr][INFO] - Received initial parameters from one random client
[2025-01-29 01:13:13,653][flwr][INFO] - Evaluating initial parameters
[2025-01-29 01:13:14,711][flwr][INFO] - initial parameters (loss, other metrics): 651.9841349720955, {'accuracy': 63.848533333333336}
[2025-01-29 01:13:14,722][flwr][INFO] - FL starting
[2025-01-29 01:13:14,722][flwr][DEBUG] - fit_round 1: strategy sampled 10 clients (out of 10)
[2025-01-29 01:14:04,910][flwr][DEBUG] - fit_round 1 received 10 results and 0 failures
[2025-01-29 01:14:04,933][flwr][WARNING] - No fit_metrics_aggregation_fn provided
[2025-01-29 01:14:05,981][flwr][INFO] - fit progress: (1, 650.2303101420403, {'accuracy': 64.03273333333334}, 51.259507)
[2025-01-29 01:14:05,981][flwr][DEBUG] - evaluate_round 1: strategy sampled 10 clients (out of 10)
[2025-01-29 01:14:21,592][flwr][DEBUG] - evaluate_round 1 received 10 results and 0 failures
[2025-01-29 01:14:21,592][flwr][WARNING] - No evaluate_metrics_aggregation_fn provided
[2025-01-29 01:14:21,593][flwr][DEBUG] - fit_round 2: strategy sampled 10 clients (out of 10)
[2025-01-29 01:15:06,737][flwr][DEBUG] - fit_round 2 received 10 results and 0 failures
[2025-01-29 01:15:07,790][flwr][INFO] - fit progress: (2, 650.1662102937698, {'accuracy': 63.94455}, 113.0684307)
[2025-01-29 01:15:07,791][flwr][DEBUG] - evaluate_round 2: strategy sampled 10 clients (out of 10)
[2025-01-29 01:15:23,096][flwr][DEBUG] - evaluate_round 2 received 10 results and 0 failures
[2025-01-29 01:15:23,096][flwr][INFO] - FL finished in 128.3741657
[2025-01-29 01:15:23,097][flwr][INFO] - app_fit: losses_distributed [(1, 83.20148711204529), (2, 83.17673021554947)]
[2025-01-29 01:15:23,097][flwr][INFO] - app_fit: metrics_distributed_fit {}
[2025-01-29 01:15:23,097][flwr][INFO] - app_fit: metrics_distributed {}
[2025-01-29 01:15:23,097][flwr][INFO] - app_fit: losses_centralized [(0, 651.9841349720955), (1, 650.2303101420403), (2, 650.1662102937698)]
[2025-01-29 01:15:23,097][flwr][INFO] - app_fit: metrics_centralized {'accuracy': [(0, 63.848533333333336), (1, 64.03273333333334), (2, 63.94455)]}
