[2025-01-18 17:32:34,138][flwr][INFO] - Starting Flower simulation, config: ServerConfig(num_rounds=2, round_timeout=None)
[2025-01-18 17:32:38,552][flwr][INFO] - Flower VCE: Ray initialized with resources: {'GPU': 1.0, 'object_store_memory': 1213543219.0, 'memory': 2427086439.0, 'CPU': 8.0, 'node:127.0.0.1': 1.0}
[2025-01-18 17:32:38,554][flwr][INFO] - Initializing global parameters
[2025-01-18 17:32:38,555][flwr][INFO] - Requesting initial parameters from one random client
[2025-01-18 17:32:40,042][flwr][INFO] - Received initial parameters from one random client
[2025-01-18 17:32:40,043][flwr][INFO] - Evaluating initial parameters
[2025-01-18 17:32:41,395][flwr][INFO] - initial parameters (loss, other metrics): 651.271157503128, {'accuracy': 63.95138333333333}
[2025-01-18 17:32:41,395][flwr][INFO] - FL starting
[2025-01-18 17:32:41,396][flwr][DEBUG] - fit_round 1: strategy sampled 10 clients (out of 10)
[2025-01-18 17:33:09,102][flwr][DEBUG] - fit_round 1 received 10 results and 0 failures
[2025-01-18 17:33:09,118][flwr][WARNING] - No fit_metrics_aggregation_fn provided
[2025-01-18 17:33:10,480][flwr][INFO] - fit progress: (1, 650.1629114747047, {'accuracy': 63.897616666666664}, 29.083878499999997)
[2025-01-18 17:33:10,480][flwr][DEBUG] - evaluate_round 1: strategy sampled 10 clients (out of 10)
[2025-01-18 17:33:35,080][flwr][DEBUG] - evaluate_round 1 received 10 results and 0 failures
[2025-01-18 17:33:35,081][flwr][WARNING] - No evaluate_metrics_aggregation_fn provided
[2025-01-18 17:33:35,082][flwr][DEBUG] - fit_round 2: strategy sampled 10 clients (out of 10)
[2025-01-18 17:34:03,354][flwr][DEBUG] - fit_round 2 received 10 results and 0 failures
[2025-01-18 17:34:05,146][flwr][INFO] - fit progress: (2, 650.1333563327789, {'accuracy': 64.0337}, 83.7503966)
[2025-01-18 17:34:05,147][flwr][DEBUG] - evaluate_round 2: strategy sampled 10 clients (out of 10)
[2025-01-18 17:34:28,042][flwr][DEBUG] - evaluate_round 2 received 10 results and 0 failures
[2025-01-18 17:34:28,042][flwr][INFO] - FL finished in 106.646534
[2025-01-18 17:34:28,043][flwr][INFO] - app_fit: losses_distributed [(1, 83.17966279387474), (2, 83.18093220591545)]
[2025-01-18 17:34:28,044][flwr][INFO] - app_fit: metrics_distributed_fit {}
[2025-01-18 17:34:28,044][flwr][INFO] - app_fit: metrics_distributed {}
[2025-01-18 17:34:28,045][flwr][INFO] - app_fit: losses_centralized [(0, 651.271157503128), (1, 650.1629114747047), (2, 650.1333563327789)]
[2025-01-18 17:34:28,046][flwr][INFO] - app_fit: metrics_centralized {'accuracy': [(0, 63.95138333333333), (1, 63.897616666666664), (2, 64.0337)]}
