[2025-01-28 14:13:29,436][flwr][INFO] - Starting Flower simulation, config: ServerConfig(num_rounds=2, round_timeout=None)
[2025-01-28 14:13:33,710][flwr][INFO] - Flower VCE: Ray initialized with resources: {'object_store_memory': 1271441817.0, 'memory': 2542883636.0, 'node:127.0.0.1': 1.0, 'CPU': 8.0, 'GPU': 1.0}
[2025-01-28 14:13:33,711][flwr][INFO] - Initializing global parameters
[2025-01-28 14:13:33,711][flwr][INFO] - Requesting initial parameters from one random client
[2025-01-28 14:13:35,489][flwr][INFO] - Received initial parameters from one random client
[2025-01-28 14:13:35,490][flwr][INFO] - Evaluating initial parameters
[2025-01-28 14:13:36,876][flwr][INFO] - initial parameters (loss, other metrics): 650.382494032383, {'accuracy': 63.884966666666664}
[2025-01-28 14:13:36,876][flwr][INFO] - FL starting
[2025-01-28 14:13:36,876][flwr][DEBUG] - fit_round 1: strategy sampled 10 clients (out of 10)
[2025-01-28 14:14:30,635][flwr][DEBUG] - fit_round 1 received 10 results and 0 failures
[2025-01-28 14:14:30,650][flwr][WARNING] - No fit_metrics_aggregation_fn provided
[2025-01-28 14:14:31,769][flwr][INFO] - fit progress: (1, 650.159534573555, {'accuracy': 64.01248333333334}, 54.8932197)
[2025-01-28 14:14:31,769][flwr][DEBUG] - evaluate_round 1: strategy sampled 10 clients (out of 10)
[2025-01-28 14:14:48,428][flwr][DEBUG] - evaluate_round 1 received 10 results and 0 failures
[2025-01-28 14:14:48,429][flwr][WARNING] - No evaluate_metrics_aggregation_fn provided
[2025-01-28 14:14:48,429][flwr][DEBUG] - fit_round 2: strategy sampled 10 clients (out of 10)
[2025-01-28 14:15:46,559][flwr][DEBUG] - fit_round 2 received 10 results and 0 failures
[2025-01-28 14:15:47,948][flwr][INFO] - fit progress: (2, 650.1430607438087, {'accuracy': 64.05471666666666}, 131.0714724)
[2025-01-28 14:15:47,948][flwr][DEBUG] - evaluate_round 2: strategy sampled 10 clients (out of 10)
[2025-01-28 14:16:09,720][flwr][DEBUG] - evaluate_round 2 received 10 results and 0 failures
[2025-01-28 14:16:09,720][flwr][INFO] - FL finished in 152.84379969999998
[2025-01-28 14:16:09,721][flwr][INFO] - app_fit: losses_distributed [(1, 83.19211017489434), (2, 83.18931621313095)]
[2025-01-28 14:16:09,721][flwr][INFO] - app_fit: metrics_distributed_fit {}
[2025-01-28 14:16:09,721][flwr][INFO] - app_fit: metrics_distributed {}
[2025-01-28 14:16:09,722][flwr][INFO] - app_fit: losses_centralized [(0, 650.382494032383), (1, 650.159534573555), (2, 650.1430607438087)]
[2025-01-28 14:16:09,722][flwr][INFO] - app_fit: metrics_centralized {'accuracy': [(0, 63.884966666666664), (1, 64.01248333333334), (2, 64.05471666666666)]}
