[2025-01-31 09:41:51,419][flwr][INFO] - Starting Flower simulation, config: ServerConfig(num_rounds=2, round_timeout=None)
[2025-01-31 09:41:55,504][flwr][INFO] - Flower VCE: Ray initialized with resources: {'GPU': 1.0, 'CPU': 8.0, 'memory': 2531976807.0, 'node:127.0.0.1': 1.0, 'object_store_memory': 1265988403.0}
[2025-01-31 09:41:55,505][flwr][INFO] - Initializing global parameters
[2025-01-31 09:41:55,506][flwr][INFO] - Requesting initial parameters from one random client
[2025-01-31 09:41:57,153][flwr][INFO] - Received initial parameters from one random client
[2025-01-31 09:41:57,154][flwr][INFO] - Evaluating initial parameters
[2025-01-31 09:41:58,561][flwr][INFO] - initial parameters (loss, other metrics): 654.722146332264, {'accuracy': 63.848533333333336}
[2025-01-31 09:41:58,572][flwr][INFO] - FL starting
[2025-01-31 09:41:58,573][flwr][DEBUG] - fit_round 1: strategy sampled 5 clients (out of 5)
[2025-01-31 09:42:41,359][flwr][DEBUG] - fit_round 1 received 5 results and 0 failures
[2025-01-31 09:42:41,367][flwr][WARNING] - No fit_metrics_aggregation_fn provided
[2025-01-31 09:42:42,702][flwr][INFO] - fit progress: (1, 650.1687296628952, {'accuracy': 64.00966666666666}, 44.128797899999995)
[2025-01-31 09:42:42,703][flwr][DEBUG] - evaluate_round 1: strategy sampled 5 clients (out of 5)
[2025-01-31 09:42:55,366][flwr][DEBUG] - evaluate_round 1 received 5 results and 0 failures
[2025-01-31 09:42:55,366][flwr][WARNING] - No evaluate_metrics_aggregation_fn provided
[2025-01-31 09:42:55,367][flwr][DEBUG] - fit_round 2: strategy sampled 5 clients (out of 5)
[2025-01-31 09:43:34,008][flwr][DEBUG] - fit_round 2 received 5 results and 0 failures
[2025-01-31 09:43:35,771][flwr][INFO] - fit progress: (2, 650.2099252343178, {'accuracy': 63.90443333333333}, 97.1975222)
[2025-01-31 09:43:35,772][flwr][DEBUG] - evaluate_round 2: strategy sampled 5 clients (out of 5)
[2025-01-31 09:43:49,354][flwr][DEBUG] - evaluate_round 2 received 5 results and 0 failures
[2025-01-31 09:43:49,355][flwr][INFO] - FL finished in 110.78147940000001
[2025-01-31 09:43:49,356][flwr][INFO] - app_fit: losses_distributed [(1, 166.38881828784943), (2, 166.37076799869538)]
[2025-01-31 09:43:49,356][flwr][INFO] - app_fit: metrics_distributed_fit {}
[2025-01-31 09:43:49,356][flwr][INFO] - app_fit: metrics_distributed {}
[2025-01-31 09:43:49,357][flwr][INFO] - app_fit: losses_centralized [(0, 654.722146332264), (1, 650.1687296628952), (2, 650.2099252343178)]
[2025-01-31 09:43:49,357][flwr][INFO] - app_fit: metrics_centralized {'accuracy': [(0, 63.848533333333336), (1, 64.00966666666666), (2, 63.90443333333333)]}
