[2025-01-29 01:27:07,279][flwr][INFO] - Starting Flower simulation, config: ServerConfig(num_rounds=2, round_timeout=None)
[2025-01-29 01:27:11,482][flwr][INFO] - Flower VCE: Ray initialized with resources: {'object_store_memory': 1262884454.0, 'CPU': 8.0, 'GPU': 1.0, 'node:127.0.0.1': 1.0, 'memory': 2525768910.0}
[2025-01-29 01:27:11,482][flwr][INFO] - Initializing global parameters
[2025-01-29 01:27:11,482][flwr][INFO] - Requesting initial parameters from one random client
[2025-01-29 01:27:12,940][flwr][INFO] - Received initial parameters from one random client
[2025-01-29 01:27:12,940][flwr][INFO] - Evaluating initial parameters
[2025-01-29 01:27:14,152][flwr][INFO] - initial parameters (loss, other metrics): 650.4833582639694, {'accuracy': 64.08728333333333}
[2025-01-29 01:27:14,162][flwr][INFO] - FL starting
[2025-01-29 01:27:14,162][flwr][DEBUG] - fit_round 1: strategy sampled 10 clients (out of 10)
[2025-01-29 01:28:03,769][flwr][DEBUG] - fit_round 1 received 10 results and 0 failures
[2025-01-29 01:28:03,785][flwr][WARNING] - No fit_metrics_aggregation_fn provided
[2025-01-29 01:28:04,954][flwr][INFO] - fit progress: (1, 650.2350797057152, {'accuracy': 64.0536}, 50.7917032)
[2025-01-29 01:28:04,954][flwr][DEBUG] - evaluate_round 1: strategy sampled 10 clients (out of 10)
[2025-01-29 01:28:22,941][flwr][DEBUG] - evaluate_round 1 received 10 results and 0 failures
[2025-01-29 01:28:22,941][flwr][WARNING] - No evaluate_metrics_aggregation_fn provided
[2025-01-29 01:28:22,942][flwr][DEBUG] - fit_round 2: strategy sampled 10 clients (out of 10)
[2025-01-29 01:29:12,162][flwr][DEBUG] - fit_round 2 received 10 results and 0 failures
[2025-01-29 01:29:13,347][flwr][INFO] - fit progress: (2, 650.1854699254036, {'accuracy': 64.08023333333334}, 119.18504680000001)
[2025-01-29 01:29:13,347][flwr][DEBUG] - evaluate_round 2: strategy sampled 10 clients (out of 10)
[2025-01-29 01:29:32,598][flwr][DEBUG] - evaluate_round 2 received 10 results and 0 failures
[2025-01-29 01:29:32,599][flwr][INFO] - FL finished in 138.4361564
[2025-01-29 01:29:32,599][flwr][INFO] - app_fit: losses_distributed [(1, 83.20057181715966), (2, 83.19501183032989)]
[2025-01-29 01:29:32,599][flwr][INFO] - app_fit: metrics_distributed_fit {}
[2025-01-29 01:29:32,600][flwr][INFO] - app_fit: metrics_distributed {}
[2025-01-29 01:29:32,600][flwr][INFO] - app_fit: losses_centralized [(0, 650.4833582639694), (1, 650.2350797057152), (2, 650.1854699254036)]
[2025-01-29 01:29:32,600][flwr][INFO] - app_fit: metrics_centralized {'accuracy': [(0, 64.08728333333333), (1, 64.0536), (2, 64.08023333333334)]}
