[2025-02-22 13:07:54,655][flwr][INFO] - Starting Flower simulation, config: ServerConfig(num_rounds=3, round_timeout=None)
[2025-02-22 13:07:59,166][flwr][INFO] - Flower VCE: Ray initialized with resources: {'node:127.0.0.1': 1.0, 'memory': 2675630900.0, 'CPU': 8.0, 'object_store_memory': 1337815449.0, 'GPU': 1.0}
[2025-02-22 13:07:59,167][flwr][INFO] - Initializing global parameters
[2025-02-22 13:07:59,168][flwr][INFO] - Requesting initial parameters from one random client
[2025-02-22 13:08:00,715][flwr][INFO] - Received initial parameters from one random client
[2025-02-22 13:08:00,716][flwr][INFO] - Evaluating initial parameters
[2025-02-22 13:08:00,778][flwr][INFO] - initial parameters (loss, other metrics): 29.96329176425934, {'accuracy': 34.848}
[2025-02-22 13:08:00,780][flwr][INFO] - FL starting
[2025-02-22 13:08:00,781][flwr][DEBUG] - fit_round 1: strategy sampled 10 clients (out of 10)
[2025-02-22 13:08:37,629][flwr][DEBUG] - fit_round 1 received 10 results and 0 failures
[2025-02-22 13:08:37,652][flwr][WARNING] - No fit_metrics_aggregation_fn provided
[2025-02-22 13:08:37,755][flwr][INFO] - fit progress: (1, 25.384582996368408, {'accuracy': 92.96}, 36.974360700000005)
[2025-02-22 13:08:37,756][flwr][DEBUG] - evaluate_round 1: strategy sampled 10 clients (out of 10)
[2025-02-22 13:08:55,239][flwr][DEBUG] - evaluate_round 1 received 10 results and 0 failures
[2025-02-22 13:08:55,240][flwr][WARNING] - No evaluate_metrics_aggregation_fn provided
[2025-02-22 13:08:55,241][flwr][DEBUG] - fit_round 2: strategy sampled 10 clients (out of 10)
[2025-02-22 13:09:32,335][flwr][DEBUG] - fit_round 2 received 10 results and 0 failures
[2025-02-22 13:09:32,432][flwr][INFO] - fit progress: (2, 23.960513472557068, {'accuracy': 92.96}, 91.6507772)
[2025-02-22 13:09:32,433][flwr][DEBUG] - evaluate_round 2: strategy sampled 10 clients (out of 10)
[2025-02-22 13:09:50,872][flwr][DEBUG] - evaluate_round 2 received 10 results and 0 failures
[2025-02-22 13:09:50,873][flwr][DEBUG] - fit_round 3: strategy sampled 10 clients (out of 10)
[2025-02-22 13:10:30,015][flwr][DEBUG] - fit_round 3 received 10 results and 0 failures
[2025-02-22 13:10:30,107][flwr][INFO] - fit progress: (3, 23.43049782514572, {'accuracy': 92.96}, 149.32614560000002)
[2025-02-22 13:10:30,108][flwr][DEBUG] - evaluate_round 3: strategy sampled 10 clients (out of 10)
[2025-02-22 13:10:48,155][flwr][DEBUG] - evaluate_round 3 received 10 results and 0 failures
[2025-02-22 13:10:48,156][flwr][INFO] - FL finished in 167.37422550000002
[2025-02-22 13:10:48,156][flwr][INFO] - app_fit: losses_distributed [(1, 3.1426090717315676), (2, 2.9445593893527984), (3, 2.866465201973915)]
[2025-02-22 13:10:48,157][flwr][INFO] - app_fit: metrics_distributed_fit {}
[2025-02-22 13:10:48,158][flwr][INFO] - app_fit: metrics_distributed {}
[2025-02-22 13:10:48,158][flwr][INFO] - app_fit: losses_centralized [(0, 29.96329176425934), (1, 25.384582996368408), (2, 23.960513472557068), (3, 23.43049782514572)]
[2025-02-22 13:10:48,159][flwr][INFO] - app_fit: metrics_centralized {'accuracy': [(0, 34.848), (1, 92.96), (2, 92.96), (3, 92.96)]}
