[2025-02-22 13:04:40,529][flwr][INFO] - Starting Flower simulation, config: ServerConfig(num_rounds=2, round_timeout=None)
[2025-02-22 13:04:45,156][flwr][INFO] - Flower VCE: Ray initialized with resources: {'object_store_memory': 1362487296.0, 'GPU': 1.0, 'memory': 2724974592.0, 'node:127.0.0.1': 1.0, 'CPU': 8.0}
[2025-02-22 13:04:45,157][flwr][INFO] - Initializing global parameters
[2025-02-22 13:04:45,158][flwr][INFO] - Requesting initial parameters from one random client
[2025-02-22 13:04:46,606][flwr][INFO] - Received initial parameters from one random client
[2025-02-22 13:04:46,607][flwr][INFO] - Evaluating initial parameters
[2025-02-22 13:04:46,755][flwr][INFO] - initial parameters (loss, other metrics): 27.769314169883728, {'accuracy': 73.1708}
[2025-02-22 13:04:46,755][flwr][INFO] - FL starting
[2025-02-22 13:04:46,756][flwr][DEBUG] - fit_round 1: strategy sampled 10 clients (out of 10)
[2025-02-22 13:05:22,291][flwr][DEBUG] - fit_round 1 received 10 results and 0 failures
[2025-02-22 13:05:22,308][flwr][WARNING] - No fit_metrics_aggregation_fn provided
[2025-02-22 13:05:22,385][flwr][INFO] - fit progress: (1, 24.718454360961914, {'accuracy': 92.96}, 35.628370399999994)
[2025-02-22 13:05:22,385][flwr][DEBUG] - evaluate_round 1: strategy sampled 10 clients (out of 10)
[2025-02-22 13:05:36,620][flwr][DEBUG] - evaluate_round 1 received 10 results and 0 failures
[2025-02-22 13:05:36,621][flwr][WARNING] - No evaluate_metrics_aggregation_fn provided
[2025-02-22 13:05:36,622][flwr][DEBUG] - fit_round 2: strategy sampled 10 clients (out of 10)
[2025-02-22 13:06:06,737][flwr][DEBUG] - fit_round 2 received 10 results and 0 failures
[2025-02-22 13:06:06,833][flwr][INFO] - fit progress: (2, 23.645281970500946, {'accuracy': 92.96}, 80.0763132)
[2025-02-22 13:06:06,833][flwr][DEBUG] - evaluate_round 2: strategy sampled 10 clients (out of 10)
[2025-02-22 13:06:24,076][flwr][DEBUG] - evaluate_round 2 received 10 results and 0 failures
[2025-02-22 13:06:24,077][flwr][INFO] - FL finished in 97.3212441
[2025-02-22 13:06:24,078][flwr][INFO] - app_fit: losses_distributed [(1, 3.0648359060287476), (2, 2.9219261169433595)]
[2025-02-22 13:06:24,078][flwr][INFO] - app_fit: metrics_distributed_fit {}
[2025-02-22 13:06:24,079][flwr][INFO] - app_fit: metrics_distributed {}
[2025-02-22 13:06:24,079][flwr][INFO] - app_fit: losses_centralized [(0, 27.769314169883728), (1, 24.718454360961914), (2, 23.645281970500946)]
[2025-02-22 13:06:24,080][flwr][INFO] - app_fit: metrics_centralized {'accuracy': [(0, 73.1708), (1, 92.96), (2, 92.96)]}
