[2025-04-28 19:31:38,395][flwr][INFO] - Starting Flower simulation, config: ServerConfig(num_rounds=2, round_timeout=None)
[2025-04-28 19:32:00,425][flwr][INFO] - Flower VCE: Ray initialized with resources: {'memory': 1758678222.0, 'node:127.0.0.1': 1.0, 'CPU': 8.0, 'GPU': 1.0, 'object_store_memory': 879339110.0}
[2025-04-28 19:32:00,426][flwr][INFO] - Initializing global parameters
[2025-04-28 19:32:00,427][flwr][INFO] - Requesting initial parameters from one random client
[2025-04-28 19:32:05,999][flwr][INFO] - Received initial parameters from one random client
[2025-04-28 19:32:05,999][flwr][INFO] - Evaluating initial parameters
[2025-04-28 19:32:06,242][flwr][INFO] - initial parameters (loss, other metrics): 28.35087925195694, {'accuracy': 45.75}
[2025-04-28 19:32:06,247][flwr][INFO] - FL starting
[2025-04-28 19:32:06,248][flwr][DEBUG] - fit_round 1: strategy sampled 10 clients (out of 10)
[2025-04-28 19:33:41,552][flwr][DEBUG] - fit_round 1 received 10 results and 0 failures
[2025-04-28 19:33:41,590][flwr][WARNING] - No fit_metrics_aggregation_fn provided
[2025-04-28 19:33:41,739][flwr][INFO] - fit progress: (1, 25.579464375972748, {'accuracy': 92.96}, 95.49049919999999)
[2025-04-28 19:33:41,739][flwr][DEBUG] - evaluate_round 1: strategy sampled 10 clients (out of 10)
[2025-04-28 19:34:32,670][flwr][DEBUG] - evaluate_round 1 received 10 results and 0 failures
[2025-04-28 19:34:32,671][flwr][WARNING] - No evaluate_metrics_aggregation_fn provided
[2025-04-28 19:34:32,672][flwr][DEBUG] - fit_round 2: strategy sampled 10 clients (out of 10)
[2025-04-28 19:36:01,002][flwr][DEBUG] - fit_round 2 received 10 results and 0 failures
[2025-04-28 19:36:01,152][flwr][INFO] - fit progress: (2, 24.268049657344818, {'accuracy': 92.96}, 234.90407799999997)
[2025-04-28 19:36:01,153][flwr][DEBUG] - evaluate_round 2: strategy sampled 10 clients (out of 10)
[2025-04-28 19:36:52,189][flwr][DEBUG] - evaluate_round 2 received 10 results and 0 failures
[2025-04-28 19:36:52,189][flwr][INFO] - FL finished in 285.9412826
[2025-04-28 19:36:52,190][flwr][INFO] - app_fit: losses_distributed [(1, 3.1798418164253235), (2, 2.9987550735473634)]
[2025-04-28 19:36:52,191][flwr][INFO] - app_fit: metrics_distributed_fit {}
[2025-04-28 19:36:52,191][flwr][INFO] - app_fit: metrics_distributed {}
[2025-04-28 19:36:52,192][flwr][INFO] - app_fit: losses_centralized [(0, 28.35087925195694), (1, 25.579464375972748), (2, 24.268049657344818)]
[2025-04-28 19:36:52,192][flwr][INFO] - app_fit: metrics_centralized {'accuracy': [(0, 45.75), (1, 92.96), (2, 92.96)]}
