[2025-05-08 11:41:29,034][flwr][INFO] - Starting Flower simulation, config: ServerConfig(num_rounds=2, round_timeout=None)
[2025-05-08 11:41:35,569][flwr][INFO] - Flower VCE: Ray initialized with resources: {'node:127.0.0.1': 1.0, 'object_store_memory': 1209500467.0, 'GPU': 1.0, 'CPU': 8.0, 'memory': 2419000935.0}
[2025-05-08 11:41:35,571][flwr][INFO] - Initializing global parameters
[2025-05-08 11:41:35,572][flwr][INFO] - Requesting initial parameters from one random client
[2025-05-08 11:41:37,887][flwr][INFO] - Received initial parameters from one random client
[2025-05-08 11:41:37,888][flwr][INFO] - Evaluating initial parameters
[2025-05-08 11:41:37,984][flwr][INFO] - initial parameters (loss, other metrics): 28.8649542927742, {'accuracy': 35.876}
[2025-05-08 11:41:37,985][flwr][INFO] - FL starting
[2025-05-08 11:41:37,985][flwr][DEBUG] - fit_round 1: strategy sampled 10 clients (out of 10)
[2025-05-08 11:42:36,864][flwr][DEBUG] - fit_round 1 received 10 results and 0 failures
[2025-05-08 11:42:36,881][flwr][WARNING] - No fit_metrics_aggregation_fn provided
[2025-05-08 11:42:36,957][flwr][INFO] - fit progress: (1, 22.700153529644012, {'accuracy': 92.96}, 58.9720622)
[2025-05-08 11:42:36,958][flwr][DEBUG] - evaluate_round 1: strategy sampled 10 clients (out of 10)
[2025-05-08 11:42:55,691][flwr][DEBUG] - evaluate_round 1 received 10 results and 0 failures
[2025-05-08 11:42:55,692][flwr][WARNING] - No evaluate_metrics_aggregation_fn provided
[2025-05-08 11:42:55,693][flwr][DEBUG] - fit_round 2: strategy sampled 10 clients (out of 10)
[2025-05-08 11:43:35,245][flwr][DEBUG] - fit_round 2 received 10 results and 0 failures
[2025-05-08 11:43:35,335][flwr][INFO] - fit progress: (2, 21.743645697832108, {'accuracy': 92.96}, 117.35056020000002)
[2025-05-08 11:43:35,336][flwr][DEBUG] - evaluate_round 2: strategy sampled 10 clients (out of 10)
[2025-05-08 11:44:03,215][flwr][DEBUG] - evaluate_round 2 received 10 results and 0 failures
[2025-05-08 11:44:03,216][flwr][INFO] - FL finished in 145.2312199
[2025-05-08 11:44:03,217][flwr][INFO] - app_fit: losses_distributed [(1, 2.787518930435181), (2, 2.670959711074829)]
[2025-05-08 11:44:03,217][flwr][INFO] - app_fit: metrics_distributed_fit {}
[2025-05-08 11:44:03,218][flwr][INFO] - app_fit: metrics_distributed {}
[2025-05-08 11:44:03,218][flwr][INFO] - app_fit: losses_centralized [(0, 28.8649542927742), (1, 22.700153529644012), (2, 21.743645697832108)]
[2025-05-08 11:44:03,218][flwr][INFO] - app_fit: metrics_centralized {'accuracy': [(0, 35.876), (1, 92.96), (2, 92.96)]}
