[2025-02-03 01:24:12,363][flwr][INFO] - Starting Flower simulation, config: ServerConfig(num_rounds=2, round_timeout=None)
[2025-02-03 01:24:16,621][flwr][INFO] - Flower VCE: Ray initialized with resources: {'node:127.0.0.1': 1.0, 'object_store_memory': 1441185792.0, 'memory': 2882371584.0, 'CPU': 8.0, 'GPU': 1.0}
[2025-02-03 01:24:16,622][flwr][INFO] - Initializing global parameters
[2025-02-03 01:24:16,622][flwr][INFO] - Requesting initial parameters from one random client
[2025-02-03 01:24:18,012][flwr][INFO] - Received initial parameters from one random client
[2025-02-03 01:24:18,013][flwr][INFO] - Evaluating initial parameters
[2025-02-03 01:24:19,359][flwr][INFO] - initial parameters (loss, other metrics): 651.1856127977371, {'accuracy': 63.9555}
[2025-02-03 01:24:19,360][flwr][INFO] - FL starting
[2025-02-03 01:24:19,361][flwr][DEBUG] - fit_round 1: strategy sampled 10 clients (out of 10)
[2025-02-03 01:25:17,790][flwr][DEBUG] - fit_round 1 received 10 results and 0 failures
[2025-02-03 01:25:17,815][flwr][WARNING] - No fit_metrics_aggregation_fn provided
[2025-02-03 01:25:19,215][flwr][INFO] - fit progress: (1, 650.2326769828796, {'accuracy': 63.98011666666667}, 59.8535706)
[2025-02-03 01:25:19,215][flwr][DEBUG] - evaluate_round 1: strategy sampled 10 clients (out of 10)
[2025-02-03 01:25:39,574][flwr][DEBUG] - evaluate_round 1 received 10 results and 0 failures
[2025-02-03 01:25:39,575][flwr][WARNING] - No evaluate_metrics_aggregation_fn provided
[2025-02-03 01:25:39,576][flwr][DEBUG] - fit_round 2: strategy sampled 10 clients (out of 10)
[2025-02-03 01:26:48,614][flwr][DEBUG] - fit_round 2 received 10 results and 0 failures
[2025-02-03 01:26:50,298][flwr][INFO] - fit progress: (2, 650.1727586984634, {'accuracy': 64.02301666666666}, 150.936828)
[2025-02-03 01:26:50,298][flwr][DEBUG] - evaluate_round 2: strategy sampled 10 clients (out of 10)
[2025-02-03 01:27:19,949][flwr][DEBUG] - evaluate_round 2 received 10 results and 0 failures
[2025-02-03 01:27:19,950][flwr][INFO] - FL finished in 180.5888226
[2025-02-03 01:27:19,951][flwr][INFO] - app_fit: losses_distributed [(1, 83.19288029074669), (2, 83.20387372374535)]
[2025-02-03 01:27:19,951][flwr][INFO] - app_fit: metrics_distributed_fit {}
[2025-02-03 01:27:19,951][flwr][INFO] - app_fit: metrics_distributed {}
[2025-02-03 01:27:19,952][flwr][INFO] - app_fit: losses_centralized [(0, 651.1856127977371), (1, 650.2326769828796), (2, 650.1727586984634)]
[2025-02-03 01:27:19,953][flwr][INFO] - app_fit: metrics_centralized {'accuracy': [(0, 63.9555), (1, 63.98011666666667), (2, 64.02301666666666)]}
