[2025-01-28 13:49:16,827][flwr][INFO] - Starting Flower simulation, config: ServerConfig(num_rounds=2, round_timeout=None)
[2025-01-28 13:49:21,802][flwr][INFO] - Flower VCE: Ray initialized with resources: {'CPU': 8.0, 'object_store_memory': 1023489638.0, 'node:127.0.0.1': 1.0, 'GPU': 1.0, 'memory': 2046979278.0}
[2025-01-28 13:49:21,803][flwr][INFO] - Initializing global parameters
[2025-01-28 13:49:21,803][flwr][INFO] - Requesting initial parameters from one random client
[2025-01-28 13:49:23,264][flwr][INFO] - Received initial parameters from one random client
[2025-01-28 13:49:23,264][flwr][INFO] - Evaluating initial parameters
[2025-01-28 13:49:24,412][flwr][INFO] - initial parameters (loss, other metrics): 656.9236772656441, {'accuracy': 63.848533333333336}
[2025-01-28 13:49:24,412][flwr][INFO] - FL starting
[2025-01-28 13:49:24,412][flwr][DEBUG] - fit_round 1: strategy sampled 10 clients (out of 10)
[2025-01-28 13:50:18,284][flwr][DEBUG] - fit_round 1 received 10 results and 0 failures
[2025-01-28 13:50:18,299][flwr][WARNING] - No fit_metrics_aggregation_fn provided
[2025-01-28 13:50:19,415][flwr][INFO] - fit progress: (1, 650.2631887793541, {'accuracy': 63.9709}, 55.0022773)
[2025-01-28 13:50:19,415][flwr][DEBUG] - evaluate_round 1: strategy sampled 10 clients (out of 10)
[2025-01-28 13:50:35,972][flwr][DEBUG] - evaluate_round 1 received 10 results and 0 failures
[2025-01-28 13:50:35,973][flwr][WARNING] - No evaluate_metrics_aggregation_fn provided
[2025-01-28 13:50:35,973][flwr][DEBUG] - fit_round 2: strategy sampled 10 clients (out of 10)
[2025-01-28 13:51:25,413][flwr][DEBUG] - fit_round 2 received 10 results and 0 failures
[2025-01-28 13:51:26,621][flwr][INFO] - fit progress: (2, 650.1869125962257, {'accuracy': 64.02888333333334}, 122.2084681)
[2025-01-28 13:51:26,621][flwr][DEBUG] - evaluate_round 2: strategy sampled 10 clients (out of 10)
[2025-01-28 13:51:48,746][flwr][DEBUG] - evaluate_round 2 received 10 results and 0 failures
[2025-01-28 13:51:48,746][flwr][INFO] - FL finished in 144.3340547
[2025-01-28 13:51:48,746][flwr][INFO] - app_fit: losses_distributed [(1, 83.19011135697365), (2, 83.18566454052925)]
[2025-01-28 13:51:48,747][flwr][INFO] - app_fit: metrics_distributed_fit {}
[2025-01-28 13:51:48,747][flwr][INFO] - app_fit: metrics_distributed {}
[2025-01-28 13:51:48,747][flwr][INFO] - app_fit: losses_centralized [(0, 656.9236772656441), (1, 650.2631887793541), (2, 650.1869125962257)]
[2025-01-28 13:51:48,747][flwr][INFO] - app_fit: metrics_centralized {'accuracy': [(0, 63.848533333333336), (1, 63.9709), (2, 64.02888333333334)]}
